


ARM Macro Assembler    Page 1 


    1 00000000         ;/******************************************************
                       *************************
    2 00000000         ; * SmartFusion startup code for Keil-MDK.
    3 00000000         ; *
    4 00000000         ; * This file is based on an ARM provided example.
    5 00000000         ; *
    6 00000000         ; * SVN $Revision: 2536 $
    7 00000000         ; * SVN $Date: 2010-04-08 16:57:12 +0100 (Thu, 08 Apr 20
                       10) $
    8 00000000         ; */
    9 00000000         
   10 00000000         ; *------- <<< Use Configuration Wizard in Context Menu 
                       >>> ------------------
   11 00000000         
   12 00000000         
   13 00000000         ; <h> Stack Configuration
   14 00000000         ;   <o> Stack Size (in Bytes) <0x0-0xFFFFFFFF:8>
   15 00000000         ; </h>
   16 00000000         
   17 00000000 00002000 
                       Stack_Size
                               EQU              0x00002000
   18 00000000         
   19 00000000                 AREA             STACK, NOINIT, READWRITE, ALIGN
=3
   20 00000000         Stack_Mem
                               SPACE            Stack_Size
   21 00002000         __initial_sp
   22 00002000         
   23 00002000         
   24 00002000         ; <h> Heap Configuration
   25 00002000         ;   <o>  Heap Size (in Bytes) <0x0-0xFFFFFFFF:8>
   26 00002000         ; </h>
   27 00002000         
   28 00002000 00000000 
                       Heap_Size
                               EQU              0x00000000
   29 00002000         
   30 00002000                 AREA             HEAP, NOINIT, READWRITE, ALIGN=
3
   31 00000000         __heap_base
   32 00000000         Heap_Mem
                               SPACE            Heap_Size
   33 00000000         __heap_limit
   34 00000000         
   35 00000000         
   36 00000000                 PRESERVE8
   37 00000000                 THUMB
   38 00000000         
   39 00000000         
   40 00000000         ;-------------------------------------------------------
                       ------------------------
   41 00000000         ; Vector Table Mapped to Address 0 at Reset
   42 00000000                 AREA             RESET, DATA, READONLY
   43 00000000                 EXPORT           __Vectors
   44 00000000                 EXPORT           __Vectors_End
   45 00000000                 EXPORT           __Vectors_Size
   46 00000000         
   47 00000000         



ARM Macro Assembler    Page 2 


   48 00000000 00000000 
                       __Vectors
                               DCD              __initial_sp ; Top of Stack
   49 00000004 00000000        DCD              Reset_Handler ; Reset Handler
   50 00000008 00000000        DCD              NMI_Handler ; NMI Handler
   51 0000000C 00000000        DCD              HardFault_Handler ; Hard Fault 
                                                            Handler
   52 00000010 00000000        DCD              MemManage_Handler 
                                                            ; MPU Fault Handler
                                                            
   53 00000014 00000000        DCD              BusFault_Handler 
                                                            ; Bus Fault Handler
                                                            
   54 00000018 00000000        DCD              UsageFault_Handler ; Usage Faul
                                                            t Handler
   55 0000001C 00000000        DCD              0           ; Reserved
   56 00000020 00000000        DCD              0           ; Reserved
   57 00000024 00000000        DCD              0           ; Reserved
   58 00000028 00000000        DCD              0           ; Reserved
   59 0000002C 00000000        DCD              SVC_Handler ; SVCall Handler
   60 00000030 00000000        DCD              DebugMon_Handler ; Debug Monito
                                                            r Handler
   61 00000034 00000000        DCD              0           ; Reserved
   62 00000038 00000000        DCD              PendSV_Handler ; PendSV Handler
                                                            
   63 0000003C 00000000        DCD              SysTick_Handler 
                                                            ; SysTick Handler
   64 00000040         
   65 00000040         ; External Interrupts
   66 00000040 00000000        DCD              WdogWakeup_IRQHandler
   67 00000044 00000000        DCD              BrownOut_1_5V_IRQHandler
   68 00000048 00000000        DCD              BrownOut_3_3V_IRQHandler
   69 0000004C 00000000        DCD              RTC_Match_IRQHandler
   70 00000050 00000000        DCD              RTCIF_Pub_IRQHandler
   71 00000054 00000000        DCD              EthernetMAC_IRQHandler
   72 00000058 00000000        DCD              IAP_IRQHandler
   73 0000005C 00000000        DCD              ENVM0_IRQHandler
   74 00000060 00000000        DCD              ENVM1_IRQHandler
   75 00000064 00000000        DCD              DMA_IRQHandler
   76 00000068 00000000        DCD              UART0_IRQHandler
   77 0000006C 00000000        DCD              UART1_IRQHandler
   78 00000070 00000000        DCD              SPI0_IRQHandler
   79 00000074 00000000        DCD              SPI1_IRQHandler
   80 00000078 00000000        DCD              I2C0_IRQHandler
   81 0000007C 00000000        DCD              I2C0_SMBAlert_IRQHandler
   82 00000080 00000000        DCD              I2C0_SMBus_IRQHandler
   83 00000084 00000000        DCD              I2C1_IRQHandler
   84 00000088 00000000        DCD              I2C1_SMBAlert_IRQHandler
   85 0000008C 00000000        DCD              I2C1_SMBus_IRQHandler
   86 00000090 00000000        DCD              Timer1_IRQHandler
   87 00000094 00000000        DCD              Timer2_IRQHandler
   88 00000098 00000000        DCD              PLL_Lock_IRQHandler
   89 0000009C 00000000        DCD              PLL_LockLost_IRQHandler
   90 000000A0 00000000        DCD              CommError_IRQHandler
   91 000000A4 00000000        DCD              0
   92 000000A8 00000000        DCD              0
   93 000000AC 00000000        DCD              0
   94 000000B0 00000000        DCD              0
   95 000000B4 00000000        DCD              0



ARM Macro Assembler    Page 3 


   96 000000B8 00000000        DCD              0
   97 000000BC 00000000        DCD              Fabric_IRQHandler
   98 000000C0 00000000        DCD              GPIO0_IRQHandler
   99 000000C4 00000000        DCD              GPIO1_IRQHandler
  100 000000C8 00000000        DCD              GPIO2_IRQHandler
  101 000000CC 00000000        DCD              GPIO3_IRQHandler
  102 000000D0 00000000        DCD              GPIO4_IRQHandler
  103 000000D4 00000000        DCD              GPIO5_IRQHandler
  104 000000D8 00000000        DCD              GPIO6_IRQHandler
  105 000000DC 00000000        DCD              GPIO7_IRQHandler
  106 000000E0 00000000        DCD              GPIO8_IRQHandler
  107 000000E4 00000000        DCD              GPIO9_IRQHandler
  108 000000E8 00000000        DCD              GPIO10_IRQHandler
  109 000000EC 00000000        DCD              GPIO11_IRQHandler
  110 000000F0 00000000        DCD              GPIO12_IRQHandler
  111 000000F4 00000000        DCD              GPIO13_IRQHandler
  112 000000F8 00000000        DCD              GPIO14_IRQHandler
  113 000000FC 00000000        DCD              GPIO15_IRQHandler
  114 00000100 00000000        DCD              GPIO16_IRQHandler
  115 00000104 00000000        DCD              GPIO17_IRQHandler
  116 00000108 00000000        DCD              GPIO18_IRQHandler
  117 0000010C 00000000        DCD              GPIO19_IRQHandler
  118 00000110 00000000        DCD              GPIO20_IRQHandler
  119 00000114 00000000        DCD              GPIO21_IRQHandler
  120 00000118 00000000        DCD              GPIO22_IRQHandler
  121 0000011C 00000000        DCD              GPIO23_IRQHandler
  122 00000120 00000000        DCD              GPIO24_IRQHandler
  123 00000124 00000000        DCD              GPIO25_IRQHandler
  124 00000128 00000000        DCD              GPIO26_IRQHandler
  125 0000012C 00000000        DCD              GPIO27_IRQHandler
  126 00000130 00000000        DCD              GPIO28_IRQHandler
  127 00000134 00000000        DCD              GPIO29_IRQHandler
  128 00000138 00000000        DCD              GPIO30_IRQHandler
  129 0000013C 00000000        DCD              GPIO31_IRQHandler
  130 00000140 00000000        DCD              ACE_PC0_Flag0_IRQHandler
  131 00000144 00000000        DCD              ACE_PC0_Flag1_IRQHandler
  132 00000148 00000000        DCD              ACE_PC0_Flag2_IRQHandler
  133 0000014C 00000000        DCD              ACE_PC0_Flag3_IRQHandler
  134 00000150 00000000        DCD              ACE_PC1_Flag0_IRQHandler
  135 00000154 00000000        DCD              ACE_PC1_Flag1_IRQHandler
  136 00000158 00000000        DCD              ACE_PC1_Flag2_IRQHandler
  137 0000015C 00000000        DCD              ACE_PC1_Flag3_IRQHandler
  138 00000160 00000000        DCD              ACE_PC2_Flag0_IRQHandler
  139 00000164 00000000        DCD              ACE_PC2_Flag1_IRQHandler
  140 00000168 00000000        DCD              ACE_PC2_Flag2_IRQHandler
  141 0000016C 00000000        DCD              ACE_PC2_Flag3_IRQHandler
  142 00000170 00000000        DCD              ACE_ADC0_DataValid_IRQHandler
  143 00000174 00000000        DCD              ACE_ADC1_DataValid_IRQHandler
  144 00000178 00000000        DCD              ACE_ADC2_DataValid_IRQHandler
  145 0000017C 00000000        DCD              ACE_ADC0_CalDone_IRQHandler
  146 00000180 00000000        DCD              ACE_ADC1_CalDone_IRQHandler
  147 00000184 00000000        DCD              ACE_ADC2_CalDone_IRQHandler
  148 00000188 00000000        DCD              ACE_ADC0_CalStart_IRQHandler
  149 0000018C 00000000        DCD              ACE_ADC1_CalStart_IRQHandler
  150 00000190 00000000        DCD              ACE_ADC2_CalStart_IRQHandler
  151 00000194 00000000        DCD              ACE_Comp0_Fall_IRQHandler
  152 00000198 00000000        DCD              ACE_Comp1_Fall_IRQHandler
  153 0000019C 00000000        DCD              ACE_Comp2_Fall_IRQHandler
  154 000001A0 00000000        DCD              ACE_Comp3_Fall_IRQHandler



ARM Macro Assembler    Page 4 


  155 000001A4 00000000        DCD              ACE_Comp4_Fall_IRQHandler
  156 000001A8 00000000        DCD              ACE_Comp5_Fall_IRQHandler
  157 000001AC 00000000        DCD              ACE_Comp6_Fall_IRQHandler
  158 000001B0 00000000        DCD              ACE_Comp7_Fall_IRQHandler
  159 000001B4 00000000        DCD              ACE_Comp8_Fall_IRQHandler
  160 000001B8 00000000        DCD              ACE_Comp9_Fall_IRQHandler
  161 000001BC 00000000        DCD              ACE_Comp10_Fall_IRQHandler
  162 000001C0 00000000        DCD              ACE_Comp11_Fall_IRQHandler
  163 000001C4 00000000        DCD              ACE_Comp0_Rise_IRQHandler
  164 000001C8 00000000        DCD              ACE_Comp1_Rise_IRQHandler
  165 000001CC 00000000        DCD              ACE_Comp2_Rise_IRQHandler
  166 000001D0 00000000        DCD              ACE_Comp3_Rise_IRQHandler
  167 000001D4 00000000        DCD              ACE_Comp4_Rise_IRQHandler
  168 000001D8 00000000        DCD              ACE_Comp5_Rise_IRQHandler
  169 000001DC 00000000        DCD              ACE_Comp6_Rise_IRQHandler
  170 000001E0 00000000        DCD              ACE_Comp7_Rise_IRQHandler
  171 000001E4 00000000        DCD              ACE_Comp8_Rise_IRQHandler
  172 000001E8 00000000        DCD              ACE_Comp9_Rise_IRQHandler
  173 000001EC 00000000        DCD              ACE_Comp10_Rise_IRQHandler
  174 000001F0 00000000        DCD              ACE_Comp11_Rise_IRQHandler
  175 000001F4 00000000        DCD              ACE_ADC0_FifoFull_IRQHandler
  176 000001F8 00000000        DCD              ACE_ADC0_FifoAFull_IRQHandler
  177 000001FC 00000000        DCD              ACE_ADC0_FifoEmpty_IRQHandler
  178 00000200 00000000        DCD              ACE_ADC1_FifoFull_IRQHandler
  179 00000204 00000000        DCD              ACE_ADC1_FifoAFull_IRQHandler
  180 00000208 00000000        DCD              ACE_ADC1_FifoEmpty_IRQHandler
  181 0000020C 00000000        DCD              ACE_ADC2_FifoFull_IRQHandler
  182 00000210 00000000        DCD              ACE_ADC2_FifoAFull_IRQHandler
  183 00000214 00000000        DCD              ACE_ADC2_FifoEmpty_IRQHandler
  184 00000218 00000000        DCD              ACE_PPE_Flag0_IRQHandler
  185 0000021C 00000000        DCD              ACE_PPE_Flag1_IRQHandler
  186 00000220 00000000        DCD              ACE_PPE_Flag2_IRQHandler
  187 00000224 00000000        DCD              ACE_PPE_Flag3_IRQHandler
  188 00000228 00000000        DCD              ACE_PPE_Flag4_IRQHandler
  189 0000022C 00000000        DCD              ACE_PPE_Flag5_IRQHandler
  190 00000230 00000000        DCD              ACE_PPE_Flag6_IRQHandler
  191 00000234 00000000        DCD              ACE_PPE_Flag7_IRQHandler
  192 00000238 00000000        DCD              ACE_PPE_Flag8_IRQHandler
  193 0000023C 00000000        DCD              ACE_PPE_Flag9_IRQHandler
  194 00000240 00000000        DCD              ACE_PPE_Flag10_IRQHandler
  195 00000244 00000000        DCD              ACE_PPE_Flag11_IRQHandler
  196 00000248 00000000        DCD              ACE_PPE_Flag12_IRQHandler
  197 0000024C 00000000        DCD              ACE_PPE_Flag13_IRQHandler
  198 00000250 00000000        DCD              ACE_PPE_Flag14_IRQHandler
  199 00000254 00000000        DCD              ACE_PPE_Flag15_IRQHandler
  200 00000258 00000000        DCD              ACE_PPE_Flag16_IRQHandler
  201 0000025C 00000000        DCD              ACE_PPE_Flag17_IRQHandler
  202 00000260 00000000        DCD              ACE_PPE_Flag18_IRQHandler
  203 00000264 00000000        DCD              ACE_PPE_Flag19_IRQHandler
  204 00000268 00000000        DCD              ACE_PPE_Flag20_IRQHandler
  205 0000026C 00000000        DCD              ACE_PPE_Flag21_IRQHandler
  206 00000270 00000000        DCD              ACE_PPE_Flag22_IRQHandler
  207 00000274 00000000        DCD              ACE_PPE_Flag23_IRQHandler
  208 00000278 00000000        DCD              ACE_PPE_Flag24_IRQHandler
  209 0000027C 00000000        DCD              ACE_PPE_Flag25_IRQHandler
  210 00000280 00000000        DCD              ACE_PPE_Flag26_IRQHandler
  211 00000284 00000000        DCD              ACE_PPE_Flag27_IRQHandler
  212 00000288 00000000        DCD              ACE_PPE_Flag28_IRQHandler
  213 0000028C 00000000        DCD              ACE_PPE_Flag29_IRQHandler



ARM Macro Assembler    Page 5 


  214 00000290 00000000        DCD              ACE_PPE_Flag30_IRQHandler
  215 00000294 00000000        DCD              ACE_PPE_Flag31_IRQHandler
  216 00000298         
  217 00000298         __Vectors_End
  218 00000298         
  219 00000298 00000298 
                       __Vectors_Size
                               EQU              __Vectors_End - __Vectors
  220 00000298         
  221 00000298                 AREA             |.text|, CODE, READONLY
  222 00000000         
  223 00000000         
  224 00000000         
  225 00000000         ;-------------------------------------------------------
                       ------------------------
  226 00000000         ; Reset Handler
  227 00000000         ;
  228 00000000         Reset_Handler
                               PROC
  229 00000000                 EXPORT           Reset_Handler             [WEAK
]
  230 00000000                 IMPORT           SystemInit
  231 00000000                 IMPORT           __main
  232 00000000 4809            LDR              R0, =SystemInit
  233 00000002 4780            BLX              R0
  234 00000004 4809            LDR              R0, =__main
  235 00000006 4700            BX               R0
  236 00000008                 ENDP
  237 00000008         
  238 00000008         ;-------------------------------------------------------
                       ------------------------
  239 00000008         ; Dummy Exception Handlers (infinite loops which can be 
                       modified)                
  240 00000008         
  241 00000008         NMI_Handler
                               PROC
  242 00000008                 EXPORT           NMI_Handler                [WEA
K]
  243 00000008 E7FE            B                .
  244 0000000A                 ENDP
  246 0000000A         HardFault_Handler
                               PROC
  247 0000000A                 EXPORT           HardFault_Handler          [WEA
K]
  248 0000000A E7FE            B                .
  249 0000000C                 ENDP
  251 0000000C         MemManage_Handler
                               PROC
  252 0000000C                 EXPORT           MemManage_Handler          [WEA
K]
  253 0000000C E7FE            B                .
  254 0000000E                 ENDP
  256 0000000E         BusFault_Handler
                               PROC
  257 0000000E                 EXPORT           BusFault_Handler           [WEA
K]
  258 0000000E E7FE            B                .
  259 00000010                 ENDP
  261 00000010         UsageFault_Handler



ARM Macro Assembler    Page 6 


                               PROC
  262 00000010                 EXPORT           UsageFault_Handler         [WEA
K]
  263 00000010 E7FE            B                .
  264 00000012                 ENDP
  265 00000012         SVC_Handler
                               PROC
  266 00000012                 EXPORT           SVC_Handler                [WEA
K]
  267 00000012 E7FE            B                .
  268 00000014                 ENDP
  270 00000014         DebugMon_Handler
                               PROC
  271 00000014                 EXPORT           DebugMon_Handler           [WEA
K]
  272 00000014 E7FE            B                .
  273 00000016                 ENDP
  274 00000016         PendSV_Handler
                               PROC
  275 00000016                 EXPORT           PendSV_Handler             [WEA
K]
  276 00000016 E7FE            B                .
  277 00000018                 ENDP
  278 00000018         SysTick_Handler
                               PROC
  279 00000018                 EXPORT           SysTick_Handler            [WEA
K]
  280 00000018 E7FE            B                .
  281 0000001A                 ENDP
  282 0000001A         
  283 0000001A         Default_Handler
                               PROC
  284 0000001A         
  285 0000001A                 EXPORT           WdogWakeup_IRQHandler          
 [WEAK]
  286 0000001A                 EXPORT           BrownOut_1_5V_IRQHandler       
 [WEAK]
  287 0000001A                 EXPORT           BrownOut_3_3V_IRQHandler       
 [WEAK]
  288 0000001A                 EXPORT           RTC_Match_IRQHandler           
 [WEAK]
  289 0000001A                 EXPORT           RTCIF_Pub_IRQHandler           
 [WEAK]
  290 0000001A                 EXPORT           EthernetMAC_IRQHandler         
 [WEAK]
  291 0000001A                 EXPORT           IAP_IRQHandler                 
 [WEAK]
  292 0000001A                 EXPORT           ENVM0_IRQHandler               
 [WEAK]
  293 0000001A                 EXPORT           ENVM1_IRQHandler               
 [WEAK]
  294 0000001A                 EXPORT           DMA_IRQHandler                 
 [WEAK]
  295 0000001A                 EXPORT           UART0_IRQHandler               
 [WEAK]
  296 0000001A                 EXPORT           UART1_IRQHandler               
 [WEAK]
  297 0000001A                 EXPORT           SPI0_IRQHandler                
 [WEAK]



ARM Macro Assembler    Page 7 


  298 0000001A                 EXPORT           SPI1_IRQHandler                
 [WEAK]
  299 0000001A                 EXPORT           I2C0_IRQHandler                
 [WEAK]
  300 0000001A                 EXPORT           I2C0_SMBAlert_IRQHandler       
 [WEAK]
  301 0000001A                 EXPORT           I2C0_SMBus_IRQHandler          
 [WEAK]
  302 0000001A                 EXPORT           I2C1_IRQHandler                
 [WEAK]
  303 0000001A                 EXPORT           I2C1_SMBAlert_IRQHandler       
 [WEAK]
  304 0000001A                 EXPORT           I2C1_SMBus_IRQHandler          
 [WEAK]
  305 0000001A                 EXPORT           Timer1_IRQHandler              
 [WEAK]
  306 0000001A                 EXPORT           Timer2_IRQHandler              
 [WEAK]
  307 0000001A                 EXPORT           PLL_Lock_IRQHandler            
 [WEAK]
  308 0000001A                 EXPORT           PLL_LockLost_IRQHandler        
 [WEAK]
  309 0000001A                 EXPORT           CommError_IRQHandler           
 [WEAK]
  310 0000001A                 EXPORT           Fabric_IRQHandler              
 [WEAK]
  311 0000001A                 EXPORT           GPIO0_IRQHandler               
 [WEAK]
  312 0000001A                 EXPORT           GPIO1_IRQHandler               
 [WEAK]
  313 0000001A                 EXPORT           GPIO2_IRQHandler               
 [WEAK]
  314 0000001A                 EXPORT           GPIO3_IRQHandler               
 [WEAK]
  315 0000001A                 EXPORT           GPIO4_IRQHandler               
 [WEAK]
  316 0000001A                 EXPORT           GPIO5_IRQHandler               
 [WEAK]
  317 0000001A                 EXPORT           GPIO6_IRQHandler               
 [WEAK]
  318 0000001A                 EXPORT           GPIO7_IRQHandler               
 [WEAK]
  319 0000001A                 EXPORT           GPIO8_IRQHandler               
 [WEAK]
  320 0000001A                 EXPORT           GPIO9_IRQHandler               
 [WEAK]
  321 0000001A                 EXPORT           GPIO10_IRQHandler              
 [WEAK]
  322 0000001A                 EXPORT           GPIO11_IRQHandler              
 [WEAK]
  323 0000001A                 EXPORT           GPIO12_IRQHandler              
 [WEAK]
  324 0000001A                 EXPORT           GPIO13_IRQHandler              
 [WEAK]
  325 0000001A                 EXPORT           GPIO14_IRQHandler              
 [WEAK]
  326 0000001A                 EXPORT           GPIO15_IRQHandler              
 [WEAK]
  327 0000001A                 EXPORT           GPIO16_IRQHandler              



ARM Macro Assembler    Page 8 


 [WEAK]
  328 0000001A                 EXPORT           GPIO17_IRQHandler              
 [WEAK]
  329 0000001A                 EXPORT           GPIO18_IRQHandler              
 [WEAK]
  330 0000001A                 EXPORT           GPIO19_IRQHandler              
 [WEAK]
  331 0000001A                 EXPORT           GPIO20_IRQHandler              
 [WEAK]
  332 0000001A                 EXPORT           GPIO21_IRQHandler              
 [WEAK]
  333 0000001A                 EXPORT           GPIO22_IRQHandler              
 [WEAK]
  334 0000001A                 EXPORT           GPIO23_IRQHandler              
 [WEAK]
  335 0000001A                 EXPORT           GPIO24_IRQHandler              
 [WEAK]
  336 0000001A                 EXPORT           GPIO25_IRQHandler              
 [WEAK]
  337 0000001A                 EXPORT           GPIO26_IRQHandler              
 [WEAK]
  338 0000001A                 EXPORT           GPIO27_IRQHandler              
 [WEAK]
  339 0000001A                 EXPORT           GPIO28_IRQHandler              
 [WEAK]
  340 0000001A                 EXPORT           GPIO29_IRQHandler              
 [WEAK]
  341 0000001A                 EXPORT           GPIO30_IRQHandler              
 [WEAK]
  342 0000001A                 EXPORT           GPIO31_IRQHandler              
 [WEAK]
  343 0000001A                 EXPORT           ACE_PC0_Flag0_IRQHandler       
 [WEAK]
  344 0000001A                 EXPORT           ACE_PC0_Flag1_IRQHandler       
 [WEAK]
  345 0000001A                 EXPORT           ACE_PC0_Flag2_IRQHandler       
 [WEAK]
  346 0000001A                 EXPORT           ACE_PC0_Flag3_IRQHandler       
 [WEAK]
  347 0000001A                 EXPORT           ACE_PC1_Flag0_IRQHandler       
 [WEAK]
  348 0000001A                 EXPORT           ACE_PC1_Flag1_IRQHandler       
 [WEAK]
  349 0000001A                 EXPORT           ACE_PC1_Flag2_IRQHandler       
 [WEAK]
  350 0000001A                 EXPORT           ACE_PC1_Flag3_IRQHandler       
 [WEAK]
  351 0000001A                 EXPORT           ACE_PC2_Flag0_IRQHandler       
 [WEAK]
  352 0000001A                 EXPORT           ACE_PC2_Flag1_IRQHandler       
 [WEAK]
  353 0000001A                 EXPORT           ACE_PC2_Flag2_IRQHandler       
 [WEAK]
  354 0000001A                 EXPORT           ACE_PC2_Flag3_IRQHandler       
 [WEAK]
  355 0000001A                 EXPORT           ACE_ADC0_DataValid_IRQHandler  
 [WEAK]
  356 0000001A                 EXPORT           ACE_ADC1_DataValid_IRQHandler  
 [WEAK]



ARM Macro Assembler    Page 9 


  357 0000001A                 EXPORT           ACE_ADC2_DataValid_IRQHandler  
 [WEAK]
  358 0000001A                 EXPORT           ACE_ADC0_CalDone_IRQHandler    
 [WEAK]
  359 0000001A                 EXPORT           ACE_ADC1_CalDone_IRQHandler    
 [WEAK]
  360 0000001A                 EXPORT           ACE_ADC2_CalDone_IRQHandler    
 [WEAK]
  361 0000001A                 EXPORT           ACE_ADC0_CalStart_IRQHandler   
 [WEAK]
  362 0000001A                 EXPORT           ACE_ADC1_CalStart_IRQHandler   
 [WEAK]
  363 0000001A                 EXPORT           ACE_ADC2_CalStart_IRQHandler   
 [WEAK]
  364 0000001A                 EXPORT           ACE_Comp0_Fall_IRQHandler      
 [WEAK]
  365 0000001A                 EXPORT           ACE_Comp1_Fall_IRQHandler      
 [WEAK]
  366 0000001A                 EXPORT           ACE_Comp2_Fall_IRQHandler      
 [WEAK]
  367 0000001A                 EXPORT           ACE_Comp3_Fall_IRQHandler      
 [WEAK]
  368 0000001A                 EXPORT           ACE_Comp4_Fall_IRQHandler      
 [WEAK]
  369 0000001A                 EXPORT           ACE_Comp5_Fall_IRQHandler      
 [WEAK]
  370 0000001A                 EXPORT           ACE_Comp6_Fall_IRQHandler      
 [WEAK]
  371 0000001A                 EXPORT           ACE_Comp7_Fall_IRQHandler      
 [WEAK]
  372 0000001A                 EXPORT           ACE_Comp8_Fall_IRQHandler      
 [WEAK]
  373 0000001A                 EXPORT           ACE_Comp9_Fall_IRQHandler      
 [WEAK]
  374 0000001A                 EXPORT           ACE_Comp10_Fall_IRQHandler     
 [WEAK]
  375 0000001A                 EXPORT           ACE_Comp11_Fall_IRQHandler     
 [WEAK]
  376 0000001A                 EXPORT           ACE_Comp0_Rise_IRQHandler      
 [WEAK]
  377 0000001A                 EXPORT           ACE_Comp1_Rise_IRQHandler      
 [WEAK]
  378 0000001A                 EXPORT           ACE_Comp2_Rise_IRQHandler      
 [WEAK]
  379 0000001A                 EXPORT           ACE_Comp3_Rise_IRQHandler      
 [WEAK]
  380 0000001A                 EXPORT           ACE_Comp4_Rise_IRQHandler      
 [WEAK]
  381 0000001A                 EXPORT           ACE_Comp5_Rise_IRQHandler      
 [WEAK]
  382 0000001A                 EXPORT           ACE_Comp6_Rise_IRQHandler      
 [WEAK]
  383 0000001A                 EXPORT           ACE_Comp7_Rise_IRQHandler      
 [WEAK]
  384 0000001A                 EXPORT           ACE_Comp8_Rise_IRQHandler      
 [WEAK]
  385 0000001A                 EXPORT           ACE_Comp9_Rise_IRQHandler      
 [WEAK]
  386 0000001A                 EXPORT           ACE_Comp10_Rise_IRQHandler     



ARM Macro Assembler    Page 10 


 [WEAK]
  387 0000001A                 EXPORT           ACE_Comp11_Rise_IRQHandler     
 [WEAK]
  388 0000001A                 EXPORT           ACE_ADC0_FifoFull_IRQHandler   
 [WEAK]
  389 0000001A                 EXPORT           ACE_ADC0_FifoAFull_IRQHandler  
 [WEAK]
  390 0000001A                 EXPORT           ACE_ADC0_FifoEmpty_IRQHandler  
 [WEAK]
  391 0000001A                 EXPORT           ACE_ADC1_FifoFull_IRQHandler   
 [WEAK]
  392 0000001A                 EXPORT           ACE_ADC1_FifoAFull_IRQHandler  
 [WEAK]
  393 0000001A                 EXPORT           ACE_ADC1_FifoEmpty_IRQHandler  
 [WEAK]
  394 0000001A                 EXPORT           ACE_ADC2_FifoFull_IRQHandler   
 [WEAK]
  395 0000001A                 EXPORT           ACE_ADC2_FifoAFull_IRQHandler  
 [WEAK]
  396 0000001A                 EXPORT           ACE_ADC2_FifoEmpty_IRQHandler  
 [WEAK]
  397 0000001A                 EXPORT           ACE_PPE_Flag0_IRQHandler       
 [WEAK]
  398 0000001A                 EXPORT           ACE_PPE_Flag1_IRQHandler       
 [WEAK]
  399 0000001A                 EXPORT           ACE_PPE_Flag2_IRQHandler       
 [WEAK]
  400 0000001A                 EXPORT           ACE_PPE_Flag3_IRQHandler       
 [WEAK]
  401 0000001A                 EXPORT           ACE_PPE_Flag4_IRQHandler       
 [WEAK]
  402 0000001A                 EXPORT           ACE_PPE_Flag5_IRQHandler       
 [WEAK]
  403 0000001A                 EXPORT           ACE_PPE_Flag6_IRQHandler       
 [WEAK]
  404 0000001A                 EXPORT           ACE_PPE_Flag7_IRQHandler       
 [WEAK]
  405 0000001A                 EXPORT           ACE_PPE_Flag8_IRQHandler       
 [WEAK]
  406 0000001A                 EXPORT           ACE_PPE_Flag9_IRQHandler       
 [WEAK]
  407 0000001A                 EXPORT           ACE_PPE_Flag10_IRQHandler      
 [WEAK]
  408 0000001A                 EXPORT           ACE_PPE_Flag11_IRQHandler      
 [WEAK]
  409 0000001A                 EXPORT           ACE_PPE_Flag12_IRQHandler      
 [WEAK]
  410 0000001A                 EXPORT           ACE_PPE_Flag13_IRQHandler      
 [WEAK]
  411 0000001A                 EXPORT           ACE_PPE_Flag14_IRQHandler      
 [WEAK]
  412 0000001A                 EXPORT           ACE_PPE_Flag15_IRQHandler      
 [WEAK]
  413 0000001A                 EXPORT           ACE_PPE_Flag16_IRQHandler      
 [WEAK]
  414 0000001A                 EXPORT           ACE_PPE_Flag17_IRQHandler      
 [WEAK]
  415 0000001A                 EXPORT           ACE_PPE_Flag18_IRQHandler      
 [WEAK]



ARM Macro Assembler    Page 11 


  416 0000001A                 EXPORT           ACE_PPE_Flag19_IRQHandler      
 [WEAK]
  417 0000001A                 EXPORT           ACE_PPE_Flag20_IRQHandler      
 [WEAK]
  418 0000001A                 EXPORT           ACE_PPE_Flag21_IRQHandler      
 [WEAK]
  419 0000001A                 EXPORT           ACE_PPE_Flag22_IRQHandler      
 [WEAK]
  420 0000001A                 EXPORT           ACE_PPE_Flag23_IRQHandler      
 [WEAK]
  421 0000001A                 EXPORT           ACE_PPE_Flag24_IRQHandler      
 [WEAK]
  422 0000001A                 EXPORT           ACE_PPE_Flag25_IRQHandler      
 [WEAK]
  423 0000001A                 EXPORT           ACE_PPE_Flag26_IRQHandler      
 [WEAK]
  424 0000001A                 EXPORT           ACE_PPE_Flag27_IRQHandler      
 [WEAK]
  425 0000001A                 EXPORT           ACE_PPE_Flag28_IRQHandler      
 [WEAK]
  426 0000001A                 EXPORT           ACE_PPE_Flag29_IRQHandler      
 [WEAK]
  427 0000001A                 EXPORT           ACE_PPE_Flag30_IRQHandler      
 [WEAK]
  428 0000001A                 EXPORT           ACE_PPE_Flag31_IRQHandler      
 [WEAK]
  429 0000001A         
  430 0000001A         
  431 0000001A         WdogWakeup_IRQHandler
  432 0000001A         BrownOut_1_5V_IRQHandler
  433 0000001A         BrownOut_3_3V_IRQHandler
  434 0000001A         RTC_Match_IRQHandler
  435 0000001A         RTCIF_Pub_IRQHandler
  436 0000001A         EthernetMAC_IRQHandler
  437 0000001A         IAP_IRQHandler
  438 0000001A         ENVM0_IRQHandler
  439 0000001A         ENVM1_IRQHandler
  440 0000001A         DMA_IRQHandler
  441 0000001A         UART0_IRQHandler
  442 0000001A         UART1_IRQHandler
  443 0000001A         SPI0_IRQHandler
  444 0000001A         SPI1_IRQHandler
  445 0000001A         I2C0_IRQHandler
  446 0000001A         I2C0_SMBAlert_IRQHandler
  447 0000001A         I2C0_SMBus_IRQHandler
  448 0000001A         I2C1_IRQHandler
  449 0000001A         I2C1_SMBAlert_IRQHandler
  450 0000001A         I2C1_SMBus_IRQHandler
  451 0000001A         Timer1_IRQHandler
  452 0000001A         Timer2_IRQHandler
  453 0000001A         PLL_Lock_IRQHandler
  454 0000001A         PLL_LockLost_IRQHandler
  455 0000001A         CommError_IRQHandler
  456 0000001A         Fabric_IRQHandler
  457 0000001A         GPIO0_IRQHandler
  458 0000001A         GPIO1_IRQHandler
  459 0000001A         GPIO2_IRQHandler
  460 0000001A         GPIO3_IRQHandler
  461 0000001A         GPIO4_IRQHandler



ARM Macro Assembler    Page 12 


  462 0000001A         GPIO5_IRQHandler
  463 0000001A         GPIO6_IRQHandler
  464 0000001A         GPIO7_IRQHandler
  465 0000001A         GPIO8_IRQHandler
  466 0000001A         GPIO9_IRQHandler
  467 0000001A         GPIO10_IRQHandler
  468 0000001A         GPIO11_IRQHandler
  469 0000001A         GPIO12_IRQHandler
  470 0000001A         GPIO13_IRQHandler
  471 0000001A         GPIO14_IRQHandler
  472 0000001A         GPIO15_IRQHandler
  473 0000001A         GPIO16_IRQHandler
  474 0000001A         GPIO17_IRQHandler
  475 0000001A         GPIO18_IRQHandler
  476 0000001A         GPIO19_IRQHandler
  477 0000001A         GPIO20_IRQHandler
  478 0000001A         GPIO21_IRQHandler
  479 0000001A         GPIO22_IRQHandler
  480 0000001A         GPIO23_IRQHandler
  481 0000001A         GPIO24_IRQHandler
  482 0000001A         GPIO25_IRQHandler
  483 0000001A         GPIO26_IRQHandler
  484 0000001A         GPIO27_IRQHandler
  485 0000001A         GPIO28_IRQHandler
  486 0000001A         GPIO29_IRQHandler
  487 0000001A         GPIO30_IRQHandler
  488 0000001A         GPIO31_IRQHandler
  489 0000001A         ACE_PC0_Flag0_IRQHandler
  490 0000001A         ACE_PC0_Flag1_IRQHandler
  491 0000001A         ACE_PC0_Flag2_IRQHandler
  492 0000001A         ACE_PC0_Flag3_IRQHandler
  493 0000001A         ACE_PC1_Flag0_IRQHandler
  494 0000001A         ACE_PC1_Flag1_IRQHandler
  495 0000001A         ACE_PC1_Flag2_IRQHandler
  496 0000001A         ACE_PC1_Flag3_IRQHandler
  497 0000001A         ACE_PC2_Flag0_IRQHandler
  498 0000001A         ACE_PC2_Flag1_IRQHandler
  499 0000001A         ACE_PC2_Flag2_IRQHandler
  500 0000001A         ACE_PC2_Flag3_IRQHandler
  501 0000001A         ACE_ADC0_DataValid_IRQHandler
  502 0000001A         ACE_ADC1_DataValid_IRQHandler
  503 0000001A         ACE_ADC2_DataValid_IRQHandler
  504 0000001A         ACE_ADC0_CalDone_IRQHandler
  505 0000001A         ACE_ADC1_CalDone_IRQHandler
  506 0000001A         ACE_ADC2_CalDone_IRQHandler
  507 0000001A         ACE_ADC0_CalStart_IRQHandler
  508 0000001A         ACE_ADC1_CalStart_IRQHandler
  509 0000001A         ACE_ADC2_CalStart_IRQHandler
  510 0000001A         ACE_Comp0_Fall_IRQHandler
  511 0000001A         ACE_Comp1_Fall_IRQHandler
  512 0000001A         ACE_Comp2_Fall_IRQHandler
  513 0000001A         ACE_Comp3_Fall_IRQHandler
  514 0000001A         ACE_Comp4_Fall_IRQHandler
  515 0000001A         ACE_Comp5_Fall_IRQHandler
  516 0000001A         ACE_Comp6_Fall_IRQHandler
  517 0000001A         ACE_Comp7_Fall_IRQHandler
  518 0000001A         ACE_Comp8_Fall_IRQHandler
  519 0000001A         ACE_Comp9_Fall_IRQHandler
  520 0000001A         ACE_Comp10_Fall_IRQHandler



ARM Macro Assembler    Page 13 


  521 0000001A         ACE_Comp11_Fall_IRQHandler
  522 0000001A         ACE_Comp0_Rise_IRQHandler
  523 0000001A         ACE_Comp1_Rise_IRQHandler
  524 0000001A         ACE_Comp2_Rise_IRQHandler
  525 0000001A         ACE_Comp3_Rise_IRQHandler
  526 0000001A         ACE_Comp4_Rise_IRQHandler
  527 0000001A         ACE_Comp5_Rise_IRQHandler
  528 0000001A         ACE_Comp6_Rise_IRQHandler
  529 0000001A         ACE_Comp7_Rise_IRQHandler
  530 0000001A         ACE_Comp8_Rise_IRQHandler
  531 0000001A         ACE_Comp9_Rise_IRQHandler
  532 0000001A         ACE_Comp10_Rise_IRQHandler
  533 0000001A         ACE_Comp11_Rise_IRQHandler
  534 0000001A         ACE_ADC0_FifoFull_IRQHandler
  535 0000001A         ACE_ADC0_FifoAFull_IRQHandler
  536 0000001A         ACE_ADC0_FifoEmpty_IRQHandler
  537 0000001A         ACE_ADC1_FifoFull_IRQHandler
  538 0000001A         ACE_ADC1_FifoAFull_IRQHandler
  539 0000001A         ACE_ADC1_FifoEmpty_IRQHandler
  540 0000001A         ACE_ADC2_FifoFull_IRQHandler
  541 0000001A         ACE_ADC2_FifoAFull_IRQHandler
  542 0000001A         ACE_ADC2_FifoEmpty_IRQHandler
  543 0000001A         ACE_PPE_Flag0_IRQHandler
  544 0000001A         ACE_PPE_Flag1_IRQHandler
  545 0000001A         ACE_PPE_Flag2_IRQHandler
  546 0000001A         ACE_PPE_Flag3_IRQHandler
  547 0000001A         ACE_PPE_Flag4_IRQHandler
  548 0000001A         ACE_PPE_Flag5_IRQHandler
  549 0000001A         ACE_PPE_Flag6_IRQHandler
  550 0000001A         ACE_PPE_Flag7_IRQHandler
  551 0000001A         ACE_PPE_Flag8_IRQHandler
  552 0000001A         ACE_PPE_Flag9_IRQHandler
  553 0000001A         ACE_PPE_Flag10_IRQHandler
  554 0000001A         ACE_PPE_Flag11_IRQHandler
  555 0000001A         ACE_PPE_Flag12_IRQHandler
  556 0000001A         ACE_PPE_Flag13_IRQHandler
  557 0000001A         ACE_PPE_Flag14_IRQHandler
  558 0000001A         ACE_PPE_Flag15_IRQHandler
  559 0000001A         ACE_PPE_Flag16_IRQHandler
  560 0000001A         ACE_PPE_Flag17_IRQHandler
  561 0000001A         ACE_PPE_Flag18_IRQHandler
  562 0000001A         ACE_PPE_Flag19_IRQHandler
  563 0000001A         ACE_PPE_Flag20_IRQHandler
  564 0000001A         ACE_PPE_Flag21_IRQHandler
  565 0000001A         ACE_PPE_Flag22_IRQHandler
  566 0000001A         ACE_PPE_Flag23_IRQHandler
  567 0000001A         ACE_PPE_Flag24_IRQHandler
  568 0000001A         ACE_PPE_Flag25_IRQHandler
  569 0000001A         ACE_PPE_Flag26_IRQHandler
  570 0000001A         ACE_PPE_Flag27_IRQHandler
  571 0000001A         ACE_PPE_Flag28_IRQHandler
  572 0000001A         ACE_PPE_Flag29_IRQHandler
  573 0000001A         ACE_PPE_Flag30_IRQHandler
  574 0000001A         ACE_PPE_Flag31_IRQHandler
  575 0000001A         
  576 0000001A E7FE            B                .
  577 0000001C         
  578 0000001C                 ENDP
  579 0000001C         



ARM Macro Assembler    Page 14 


  580 0000001C         
  581 0000001C                 ALIGN
  582 0000001C         
  583 0000001C         
  584 0000001C         ;-------------------------------------------------------
                       ------------------------
  585 0000001C         ; User Initial Stack & Heap
  586 0000001C         
  587 0000001C                 IF               :DEF:__MICROLIB
  594 0000001C         
  595 0000001C                 IMPORT           __use_two_region_memory
  596 0000001C                 EXPORT           __user_initial_stackheap
  597 0000001C         __user_initial_stackheap
  598 0000001C         
  599 0000001C 4804            LDR              R0, =  Heap_Mem
  600 0000001E 4905            LDR              R1, =(Stack_Mem + Stack_Size)
  601 00000020 4A03            LDR              R2, = (Heap_Mem +  Heap_Size)
  602 00000022 4B05            LDR              R3, = Stack_Mem
  603 00000024 4770            BX               LR
  604 00000026         
  605 00000026 00 00           ALIGN
  606 00000028         
  607 00000028                 ENDIF
  608 00000028         
  609 00000028         
  610 00000028                 END
              00000000 
              00000000 
              00000000 
              00002000 
              00000000 
Command Line: --debug --xref --diag_suppress=9931 --cpu=Cortex-M4.fp --apcs=int
erwork --depend=.\keil_output\startus_a2fxxxm3.d -o.\keil_output\startus_a2fxxx
m3.o -I.\RTE\_Full -IC:\Users\khanznnz\AppData\Local\Arm\Packs\NordicSemiconduc
tor\nRF_DeviceFamilyPack\8.24.1\Device\Include -IC:\Keil_v5\ARM\CMSIS\Include -
-predefine="__EVAL SETA 1" --predefine="__UVISION_VERSION SETA 527" --predefine
="NRF52840_XXAA SETA 1" --list=.\startus_a2fxxxm3.lst MicroSemi_Code\CMSIS\star
tup_keil\startus_a2fxxxm3.s



ARM Macro Assembler    Page 1 Alphabetic symbol ordering
Relocatable symbols

STACK 00000000

Symbol: STACK
   Definitions
      At line 19 in file MicroSemi_Code\CMSIS\startup_keil\startus_a2fxxxm3.s
   Uses
      None
Comment: STACK unused
Stack_Mem 00000000

Symbol: Stack_Mem
   Definitions
      At line 20 in file MicroSemi_Code\CMSIS\startup_keil\startus_a2fxxxm3.s
   Uses
      At line 600 in file MicroSemi_Code\CMSIS\startup_keil\startus_a2fxxxm3.s
      At line 602 in file MicroSemi_Code\CMSIS\startup_keil\startus_a2fxxxm3.s

__initial_sp 00002000

Symbol: __initial_sp
   Definitions
      At line 21 in file MicroSemi_Code\CMSIS\startup_keil\startus_a2fxxxm3.s
   Uses
      At line 48 in file MicroSemi_Code\CMSIS\startup_keil\startus_a2fxxxm3.s
Comment: __initial_sp used once
3 symbols



ARM Macro Assembler    Page 1 Alphabetic symbol ordering
Relocatable symbols

HEAP 00000000

Symbol: HEAP
   Definitions
      At line 30 in file MicroSemi_Code\CMSIS\startup_keil\startus_a2fxxxm3.s
   Uses
      None
Comment: HEAP unused
Heap_Mem 00000000

Symbol: Heap_Mem
   Definitions
      At line 32 in file MicroSemi_Code\CMSIS\startup_keil\startus_a2fxxxm3.s
   Uses
      At line 599 in file MicroSemi_Code\CMSIS\startup_keil\startus_a2fxxxm3.s
      At line 601 in file MicroSemi_Code\CMSIS\startup_keil\startus_a2fxxxm3.s

__heap_base 00000000

Symbol: __heap_base
   Definitions
      At line 31 in file MicroSemi_Code\CMSIS\startup_keil\startus_a2fxxxm3.s
   Uses
      None
Comment: __heap_base unused
__heap_limit 00000000

Symbol: __heap_limit
   Definitions
      At line 33 in file MicroSemi_Code\CMSIS\startup_keil\startus_a2fxxxm3.s
   Uses
      None
Comment: __heap_limit unused
4 symbols



ARM Macro Assembler    Page 1 Alphabetic symbol ordering
Relocatable symbols

RESET 00000000

Symbol: RESET
   Definitions
      At line 42 in file MicroSemi_Code\CMSIS\startup_keil\startus_a2fxxxm3.s
   Uses
      None
Comment: RESET unused
__Vectors 00000000

Symbol: __Vectors
   Definitions
      At line 48 in file MicroSemi_Code\CMSIS\startup_keil\startus_a2fxxxm3.s
   Uses
      At line 43 in file MicroSemi_Code\CMSIS\startup_keil\startus_a2fxxxm3.s
      At line 219 in file MicroSemi_Code\CMSIS\startup_keil\startus_a2fxxxm3.s

__Vectors_End 00000298

Symbol: __Vectors_End
   Definitions
      At line 217 in file MicroSemi_Code\CMSIS\startup_keil\startus_a2fxxxm3.s
   Uses
      At line 44 in file MicroSemi_Code\CMSIS\startup_keil\startus_a2fxxxm3.s
      At line 219 in file MicroSemi_Code\CMSIS\startup_keil\startus_a2fxxxm3.s

3 symbols



ARM Macro Assembler    Page 1 Alphabetic symbol ordering
Relocatable symbols

.text 00000000

Symbol: .text
   Definitions
      At line 221 in file MicroSemi_Code\CMSIS\startup_keil\startus_a2fxxxm3.s
   Uses
      None
Comment: .text unused
ACE_ADC0_CalDone_IRQHandler 0000001A

Symbol: ACE_ADC0_CalDone_IRQHandler
   Definitions
      At line 504 in file MicroSemi_Code\CMSIS\startup_keil\startus_a2fxxxm3.s
   Uses
      At line 145 in file MicroSemi_Code\CMSIS\startup_keil\startus_a2fxxxm3.s
      At line 358 in file MicroSemi_Code\CMSIS\startup_keil\startus_a2fxxxm3.s

ACE_ADC0_CalStart_IRQHandler 0000001A

Symbol: ACE_ADC0_CalStart_IRQHandler
   Definitions
      At line 507 in file MicroSemi_Code\CMSIS\startup_keil\startus_a2fxxxm3.s
   Uses
      At line 148 in file MicroSemi_Code\CMSIS\startup_keil\startus_a2fxxxm3.s
      At line 361 in file MicroSemi_Code\CMSIS\startup_keil\startus_a2fxxxm3.s

ACE_ADC0_DataValid_IRQHandler 0000001A

Symbol: ACE_ADC0_DataValid_IRQHandler
   Definitions
      At line 501 in file MicroSemi_Code\CMSIS\startup_keil\startus_a2fxxxm3.s
   Uses
      At line 142 in file MicroSemi_Code\CMSIS\startup_keil\startus_a2fxxxm3.s
      At line 355 in file MicroSemi_Code\CMSIS\startup_keil\startus_a2fxxxm3.s

ACE_ADC0_FifoAFull_IRQHandler 0000001A

Symbol: ACE_ADC0_FifoAFull_IRQHandler
   Definitions
      At line 535 in file MicroSemi_Code\CMSIS\startup_keil\startus_a2fxxxm3.s
   Uses
      At line 176 in file MicroSemi_Code\CMSIS\startup_keil\startus_a2fxxxm3.s
      At line 389 in file MicroSemi_Code\CMSIS\startup_keil\startus_a2fxxxm3.s

ACE_ADC0_FifoEmpty_IRQHandler 0000001A

Symbol: ACE_ADC0_FifoEmpty_IRQHandler
   Definitions
      At line 536 in file MicroSemi_Code\CMSIS\startup_keil\startus_a2fxxxm3.s
   Uses
      At line 177 in file MicroSemi_Code\CMSIS\startup_keil\startus_a2fxxxm3.s
      At line 390 in file MicroSemi_Code\CMSIS\startup_keil\startus_a2fxxxm3.s

ACE_ADC0_FifoFull_IRQHandler 0000001A

Symbol: ACE_ADC0_FifoFull_IRQHandler
   Definitions
      At line 534 in file MicroSemi_Code\CMSIS\startup_keil\startus_a2fxxxm3.s
   Uses



ARM Macro Assembler    Page 2 Alphabetic symbol ordering
Relocatable symbols

      At line 175 in file MicroSemi_Code\CMSIS\startup_keil\startus_a2fxxxm3.s
      At line 388 in file MicroSemi_Code\CMSIS\startup_keil\startus_a2fxxxm3.s

ACE_ADC1_CalDone_IRQHandler 0000001A

Symbol: ACE_ADC1_CalDone_IRQHandler
   Definitions
      At line 505 in file MicroSemi_Code\CMSIS\startup_keil\startus_a2fxxxm3.s
   Uses
      At line 146 in file MicroSemi_Code\CMSIS\startup_keil\startus_a2fxxxm3.s
      At line 359 in file MicroSemi_Code\CMSIS\startup_keil\startus_a2fxxxm3.s

ACE_ADC1_CalStart_IRQHandler 0000001A

Symbol: ACE_ADC1_CalStart_IRQHandler
   Definitions
      At line 508 in file MicroSemi_Code\CMSIS\startup_keil\startus_a2fxxxm3.s
   Uses
      At line 149 in file MicroSemi_Code\CMSIS\startup_keil\startus_a2fxxxm3.s
      At line 362 in file MicroSemi_Code\CMSIS\startup_keil\startus_a2fxxxm3.s

ACE_ADC1_DataValid_IRQHandler 0000001A

Symbol: ACE_ADC1_DataValid_IRQHandler
   Definitions
      At line 502 in file MicroSemi_Code\CMSIS\startup_keil\startus_a2fxxxm3.s
   Uses
      At line 143 in file MicroSemi_Code\CMSIS\startup_keil\startus_a2fxxxm3.s
      At line 356 in file MicroSemi_Code\CMSIS\startup_keil\startus_a2fxxxm3.s

ACE_ADC1_FifoAFull_IRQHandler 0000001A

Symbol: ACE_ADC1_FifoAFull_IRQHandler
   Definitions
      At line 538 in file MicroSemi_Code\CMSIS\startup_keil\startus_a2fxxxm3.s
   Uses
      At line 179 in file MicroSemi_Code\CMSIS\startup_keil\startus_a2fxxxm3.s
      At line 392 in file MicroSemi_Code\CMSIS\startup_keil\startus_a2fxxxm3.s

ACE_ADC1_FifoEmpty_IRQHandler 0000001A

Symbol: ACE_ADC1_FifoEmpty_IRQHandler
   Definitions
      At line 539 in file MicroSemi_Code\CMSIS\startup_keil\startus_a2fxxxm3.s
   Uses
      At line 180 in file MicroSemi_Code\CMSIS\startup_keil\startus_a2fxxxm3.s
      At line 393 in file MicroSemi_Code\CMSIS\startup_keil\startus_a2fxxxm3.s

ACE_ADC1_FifoFull_IRQHandler 0000001A

Symbol: ACE_ADC1_FifoFull_IRQHandler
   Definitions
      At line 537 in file MicroSemi_Code\CMSIS\startup_keil\startus_a2fxxxm3.s
   Uses
      At line 178 in file MicroSemi_Code\CMSIS\startup_keil\startus_a2fxxxm3.s
      At line 391 in file MicroSemi_Code\CMSIS\startup_keil\startus_a2fxxxm3.s

ACE_ADC2_CalDone_IRQHandler 0000001A




ARM Macro Assembler    Page 3 Alphabetic symbol ordering
Relocatable symbols

Symbol: ACE_ADC2_CalDone_IRQHandler
   Definitions
      At line 506 in file MicroSemi_Code\CMSIS\startup_keil\startus_a2fxxxm3.s
   Uses
      At line 147 in file MicroSemi_Code\CMSIS\startup_keil\startus_a2fxxxm3.s
      At line 360 in file MicroSemi_Code\CMSIS\startup_keil\startus_a2fxxxm3.s

ACE_ADC2_CalStart_IRQHandler 0000001A

Symbol: ACE_ADC2_CalStart_IRQHandler
   Definitions
      At line 509 in file MicroSemi_Code\CMSIS\startup_keil\startus_a2fxxxm3.s
   Uses
      At line 150 in file MicroSemi_Code\CMSIS\startup_keil\startus_a2fxxxm3.s
      At line 363 in file MicroSemi_Code\CMSIS\startup_keil\startus_a2fxxxm3.s

ACE_ADC2_DataValid_IRQHandler 0000001A

Symbol: ACE_ADC2_DataValid_IRQHandler
   Definitions
      At line 503 in file MicroSemi_Code\CMSIS\startup_keil\startus_a2fxxxm3.s
   Uses
      At line 144 in file MicroSemi_Code\CMSIS\startup_keil\startus_a2fxxxm3.s
      At line 357 in file MicroSemi_Code\CMSIS\startup_keil\startus_a2fxxxm3.s

ACE_ADC2_FifoAFull_IRQHandler 0000001A

Symbol: ACE_ADC2_FifoAFull_IRQHandler
   Definitions
      At line 541 in file MicroSemi_Code\CMSIS\startup_keil\startus_a2fxxxm3.s
   Uses
      At line 182 in file MicroSemi_Code\CMSIS\startup_keil\startus_a2fxxxm3.s
      At line 395 in file MicroSemi_Code\CMSIS\startup_keil\startus_a2fxxxm3.s

ACE_ADC2_FifoEmpty_IRQHandler 0000001A

Symbol: ACE_ADC2_FifoEmpty_IRQHandler
   Definitions
      At line 542 in file MicroSemi_Code\CMSIS\startup_keil\startus_a2fxxxm3.s
   Uses
      At line 183 in file MicroSemi_Code\CMSIS\startup_keil\startus_a2fxxxm3.s
      At line 396 in file MicroSemi_Code\CMSIS\startup_keil\startus_a2fxxxm3.s

ACE_ADC2_FifoFull_IRQHandler 0000001A

Symbol: ACE_ADC2_FifoFull_IRQHandler
   Definitions
      At line 540 in file MicroSemi_Code\CMSIS\startup_keil\startus_a2fxxxm3.s
   Uses
      At line 181 in file MicroSemi_Code\CMSIS\startup_keil\startus_a2fxxxm3.s
      At line 394 in file MicroSemi_Code\CMSIS\startup_keil\startus_a2fxxxm3.s

ACE_Comp0_Fall_IRQHandler 0000001A

Symbol: ACE_Comp0_Fall_IRQHandler
   Definitions
      At line 510 in file MicroSemi_Code\CMSIS\startup_keil\startus_a2fxxxm3.s
   Uses
      At line 151 in file MicroSemi_Code\CMSIS\startup_keil\startus_a2fxxxm3.s



ARM Macro Assembler    Page 4 Alphabetic symbol ordering
Relocatable symbols

      At line 364 in file MicroSemi_Code\CMSIS\startup_keil\startus_a2fxxxm3.s

ACE_Comp0_Rise_IRQHandler 0000001A

Symbol: ACE_Comp0_Rise_IRQHandler
   Definitions
      At line 522 in file MicroSemi_Code\CMSIS\startup_keil\startus_a2fxxxm3.s
   Uses
      At line 163 in file MicroSemi_Code\CMSIS\startup_keil\startus_a2fxxxm3.s
      At line 376 in file MicroSemi_Code\CMSIS\startup_keil\startus_a2fxxxm3.s

ACE_Comp10_Fall_IRQHandler 0000001A

Symbol: ACE_Comp10_Fall_IRQHandler
   Definitions
      At line 520 in file MicroSemi_Code\CMSIS\startup_keil\startus_a2fxxxm3.s
   Uses
      At line 161 in file MicroSemi_Code\CMSIS\startup_keil\startus_a2fxxxm3.s
      At line 374 in file MicroSemi_Code\CMSIS\startup_keil\startus_a2fxxxm3.s

ACE_Comp10_Rise_IRQHandler 0000001A

Symbol: ACE_Comp10_Rise_IRQHandler
   Definitions
      At line 532 in file MicroSemi_Code\CMSIS\startup_keil\startus_a2fxxxm3.s
   Uses
      At line 173 in file MicroSemi_Code\CMSIS\startup_keil\startus_a2fxxxm3.s
      At line 386 in file MicroSemi_Code\CMSIS\startup_keil\startus_a2fxxxm3.s

ACE_Comp11_Fall_IRQHandler 0000001A

Symbol: ACE_Comp11_Fall_IRQHandler
   Definitions
      At line 521 in file MicroSemi_Code\CMSIS\startup_keil\startus_a2fxxxm3.s
   Uses
      At line 162 in file MicroSemi_Code\CMSIS\startup_keil\startus_a2fxxxm3.s
      At line 375 in file MicroSemi_Code\CMSIS\startup_keil\startus_a2fxxxm3.s

ACE_Comp11_Rise_IRQHandler 0000001A

Symbol: ACE_Comp11_Rise_IRQHandler
   Definitions
      At line 533 in file MicroSemi_Code\CMSIS\startup_keil\startus_a2fxxxm3.s
   Uses
      At line 174 in file MicroSemi_Code\CMSIS\startup_keil\startus_a2fxxxm3.s
      At line 387 in file MicroSemi_Code\CMSIS\startup_keil\startus_a2fxxxm3.s

ACE_Comp1_Fall_IRQHandler 0000001A

Symbol: ACE_Comp1_Fall_IRQHandler
   Definitions
      At line 511 in file MicroSemi_Code\CMSIS\startup_keil\startus_a2fxxxm3.s
   Uses
      At line 152 in file MicroSemi_Code\CMSIS\startup_keil\startus_a2fxxxm3.s
      At line 365 in file MicroSemi_Code\CMSIS\startup_keil\startus_a2fxxxm3.s

ACE_Comp1_Rise_IRQHandler 0000001A

Symbol: ACE_Comp1_Rise_IRQHandler



ARM Macro Assembler    Page 5 Alphabetic symbol ordering
Relocatable symbols

   Definitions
      At line 523 in file MicroSemi_Code\CMSIS\startup_keil\startus_a2fxxxm3.s
   Uses
      At line 164 in file MicroSemi_Code\CMSIS\startup_keil\startus_a2fxxxm3.s
      At line 377 in file MicroSemi_Code\CMSIS\startup_keil\startus_a2fxxxm3.s

ACE_Comp2_Fall_IRQHandler 0000001A

Symbol: ACE_Comp2_Fall_IRQHandler
   Definitions
      At line 512 in file MicroSemi_Code\CMSIS\startup_keil\startus_a2fxxxm3.s
   Uses
      At line 153 in file MicroSemi_Code\CMSIS\startup_keil\startus_a2fxxxm3.s
      At line 366 in file MicroSemi_Code\CMSIS\startup_keil\startus_a2fxxxm3.s

ACE_Comp2_Rise_IRQHandler 0000001A

Symbol: ACE_Comp2_Rise_IRQHandler
   Definitions
      At line 524 in file MicroSemi_Code\CMSIS\startup_keil\startus_a2fxxxm3.s
   Uses
      At line 165 in file MicroSemi_Code\CMSIS\startup_keil\startus_a2fxxxm3.s
      At line 378 in file MicroSemi_Code\CMSIS\startup_keil\startus_a2fxxxm3.s

ACE_Comp3_Fall_IRQHandler 0000001A

Symbol: ACE_Comp3_Fall_IRQHandler
   Definitions
      At line 513 in file MicroSemi_Code\CMSIS\startup_keil\startus_a2fxxxm3.s
   Uses
      At line 154 in file MicroSemi_Code\CMSIS\startup_keil\startus_a2fxxxm3.s
      At line 367 in file MicroSemi_Code\CMSIS\startup_keil\startus_a2fxxxm3.s

ACE_Comp3_Rise_IRQHandler 0000001A

Symbol: ACE_Comp3_Rise_IRQHandler
   Definitions
      At line 525 in file MicroSemi_Code\CMSIS\startup_keil\startus_a2fxxxm3.s
   Uses
      At line 166 in file MicroSemi_Code\CMSIS\startup_keil\startus_a2fxxxm3.s
      At line 379 in file MicroSemi_Code\CMSIS\startup_keil\startus_a2fxxxm3.s

ACE_Comp4_Fall_IRQHandler 0000001A

Symbol: ACE_Comp4_Fall_IRQHandler
   Definitions
      At line 514 in file MicroSemi_Code\CMSIS\startup_keil\startus_a2fxxxm3.s
   Uses
      At line 155 in file MicroSemi_Code\CMSIS\startup_keil\startus_a2fxxxm3.s
      At line 368 in file MicroSemi_Code\CMSIS\startup_keil\startus_a2fxxxm3.s

ACE_Comp4_Rise_IRQHandler 0000001A

Symbol: ACE_Comp4_Rise_IRQHandler
   Definitions
      At line 526 in file MicroSemi_Code\CMSIS\startup_keil\startus_a2fxxxm3.s
   Uses
      At line 167 in file MicroSemi_Code\CMSIS\startup_keil\startus_a2fxxxm3.s
      At line 380 in file MicroSemi_Code\CMSIS\startup_keil\startus_a2fxxxm3.s



ARM Macro Assembler    Page 6 Alphabetic symbol ordering
Relocatable symbols


ACE_Comp5_Fall_IRQHandler 0000001A

Symbol: ACE_Comp5_Fall_IRQHandler
   Definitions
      At line 515 in file MicroSemi_Code\CMSIS\startup_keil\startus_a2fxxxm3.s
   Uses
      At line 156 in file MicroSemi_Code\CMSIS\startup_keil\startus_a2fxxxm3.s
      At line 369 in file MicroSemi_Code\CMSIS\startup_keil\startus_a2fxxxm3.s

ACE_Comp5_Rise_IRQHandler 0000001A

Symbol: ACE_Comp5_Rise_IRQHandler
   Definitions
      At line 527 in file MicroSemi_Code\CMSIS\startup_keil\startus_a2fxxxm3.s
   Uses
      At line 168 in file MicroSemi_Code\CMSIS\startup_keil\startus_a2fxxxm3.s
      At line 381 in file MicroSemi_Code\CMSIS\startup_keil\startus_a2fxxxm3.s

ACE_Comp6_Fall_IRQHandler 0000001A

Symbol: ACE_Comp6_Fall_IRQHandler
   Definitions
      At line 516 in file MicroSemi_Code\CMSIS\startup_keil\startus_a2fxxxm3.s
   Uses
      At line 157 in file MicroSemi_Code\CMSIS\startup_keil\startus_a2fxxxm3.s
      At line 370 in file MicroSemi_Code\CMSIS\startup_keil\startus_a2fxxxm3.s

ACE_Comp6_Rise_IRQHandler 0000001A

Symbol: ACE_Comp6_Rise_IRQHandler
   Definitions
      At line 528 in file MicroSemi_Code\CMSIS\startup_keil\startus_a2fxxxm3.s
   Uses
      At line 169 in file MicroSemi_Code\CMSIS\startup_keil\startus_a2fxxxm3.s
      At line 382 in file MicroSemi_Code\CMSIS\startup_keil\startus_a2fxxxm3.s

ACE_Comp7_Fall_IRQHandler 0000001A

Symbol: ACE_Comp7_Fall_IRQHandler
   Definitions
      At line 517 in file MicroSemi_Code\CMSIS\startup_keil\startus_a2fxxxm3.s
   Uses
      At line 158 in file MicroSemi_Code\CMSIS\startup_keil\startus_a2fxxxm3.s
      At line 371 in file MicroSemi_Code\CMSIS\startup_keil\startus_a2fxxxm3.s

ACE_Comp7_Rise_IRQHandler 0000001A

Symbol: ACE_Comp7_Rise_IRQHandler
   Definitions
      At line 529 in file MicroSemi_Code\CMSIS\startup_keil\startus_a2fxxxm3.s
   Uses
      At line 170 in file MicroSemi_Code\CMSIS\startup_keil\startus_a2fxxxm3.s
      At line 383 in file MicroSemi_Code\CMSIS\startup_keil\startus_a2fxxxm3.s

ACE_Comp8_Fall_IRQHandler 0000001A

Symbol: ACE_Comp8_Fall_IRQHandler
   Definitions



ARM Macro Assembler    Page 7 Alphabetic symbol ordering
Relocatable symbols

      At line 518 in file MicroSemi_Code\CMSIS\startup_keil\startus_a2fxxxm3.s
   Uses
      At line 159 in file MicroSemi_Code\CMSIS\startup_keil\startus_a2fxxxm3.s
      At line 372 in file MicroSemi_Code\CMSIS\startup_keil\startus_a2fxxxm3.s

ACE_Comp8_Rise_IRQHandler 0000001A

Symbol: ACE_Comp8_Rise_IRQHandler
   Definitions
      At line 530 in file MicroSemi_Code\CMSIS\startup_keil\startus_a2fxxxm3.s
   Uses
      At line 171 in file MicroSemi_Code\CMSIS\startup_keil\startus_a2fxxxm3.s
      At line 384 in file MicroSemi_Code\CMSIS\startup_keil\startus_a2fxxxm3.s

ACE_Comp9_Fall_IRQHandler 0000001A

Symbol: ACE_Comp9_Fall_IRQHandler
   Definitions
      At line 519 in file MicroSemi_Code\CMSIS\startup_keil\startus_a2fxxxm3.s
   Uses
      At line 160 in file MicroSemi_Code\CMSIS\startup_keil\startus_a2fxxxm3.s
      At line 373 in file MicroSemi_Code\CMSIS\startup_keil\startus_a2fxxxm3.s

ACE_Comp9_Rise_IRQHandler 0000001A

Symbol: ACE_Comp9_Rise_IRQHandler
   Definitions
      At line 531 in file MicroSemi_Code\CMSIS\startup_keil\startus_a2fxxxm3.s
   Uses
      At line 172 in file MicroSemi_Code\CMSIS\startup_keil\startus_a2fxxxm3.s
      At line 385 in file MicroSemi_Code\CMSIS\startup_keil\startus_a2fxxxm3.s

ACE_PC0_Flag0_IRQHandler 0000001A

Symbol: ACE_PC0_Flag0_IRQHandler
   Definitions
      At line 489 in file MicroSemi_Code\CMSIS\startup_keil\startus_a2fxxxm3.s
   Uses
      At line 130 in file MicroSemi_Code\CMSIS\startup_keil\startus_a2fxxxm3.s
      At line 343 in file MicroSemi_Code\CMSIS\startup_keil\startus_a2fxxxm3.s

ACE_PC0_Flag1_IRQHandler 0000001A

Symbol: ACE_PC0_Flag1_IRQHandler
   Definitions
      At line 490 in file MicroSemi_Code\CMSIS\startup_keil\startus_a2fxxxm3.s
   Uses
      At line 131 in file MicroSemi_Code\CMSIS\startup_keil\startus_a2fxxxm3.s
      At line 344 in file MicroSemi_Code\CMSIS\startup_keil\startus_a2fxxxm3.s

ACE_PC0_Flag2_IRQHandler 0000001A

Symbol: ACE_PC0_Flag2_IRQHandler
   Definitions
      At line 491 in file MicroSemi_Code\CMSIS\startup_keil\startus_a2fxxxm3.s
   Uses
      At line 132 in file MicroSemi_Code\CMSIS\startup_keil\startus_a2fxxxm3.s
      At line 345 in file MicroSemi_Code\CMSIS\startup_keil\startus_a2fxxxm3.s




ARM Macro Assembler    Page 8 Alphabetic symbol ordering
Relocatable symbols

ACE_PC0_Flag3_IRQHandler 0000001A

Symbol: ACE_PC0_Flag3_IRQHandler
   Definitions
      At line 492 in file MicroSemi_Code\CMSIS\startup_keil\startus_a2fxxxm3.s
   Uses
      At line 133 in file MicroSemi_Code\CMSIS\startup_keil\startus_a2fxxxm3.s
      At line 346 in file MicroSemi_Code\CMSIS\startup_keil\startus_a2fxxxm3.s

ACE_PC1_Flag0_IRQHandler 0000001A

Symbol: ACE_PC1_Flag0_IRQHandler
   Definitions
      At line 493 in file MicroSemi_Code\CMSIS\startup_keil\startus_a2fxxxm3.s
   Uses
      At line 134 in file MicroSemi_Code\CMSIS\startup_keil\startus_a2fxxxm3.s
      At line 347 in file MicroSemi_Code\CMSIS\startup_keil\startus_a2fxxxm3.s

ACE_PC1_Flag1_IRQHandler 0000001A

Symbol: ACE_PC1_Flag1_IRQHandler
   Definitions
      At line 494 in file MicroSemi_Code\CMSIS\startup_keil\startus_a2fxxxm3.s
   Uses
      At line 135 in file MicroSemi_Code\CMSIS\startup_keil\startus_a2fxxxm3.s
      At line 348 in file MicroSemi_Code\CMSIS\startup_keil\startus_a2fxxxm3.s

ACE_PC1_Flag2_IRQHandler 0000001A

Symbol: ACE_PC1_Flag2_IRQHandler
   Definitions
      At line 495 in file MicroSemi_Code\CMSIS\startup_keil\startus_a2fxxxm3.s
   Uses
      At line 136 in file MicroSemi_Code\CMSIS\startup_keil\startus_a2fxxxm3.s
      At line 349 in file MicroSemi_Code\CMSIS\startup_keil\startus_a2fxxxm3.s

ACE_PC1_Flag3_IRQHandler 0000001A

Symbol: ACE_PC1_Flag3_IRQHandler
   Definitions
      At line 496 in file MicroSemi_Code\CMSIS\startup_keil\startus_a2fxxxm3.s
   Uses
      At line 137 in file MicroSemi_Code\CMSIS\startup_keil\startus_a2fxxxm3.s
      At line 350 in file MicroSemi_Code\CMSIS\startup_keil\startus_a2fxxxm3.s

ACE_PC2_Flag0_IRQHandler 0000001A

Symbol: ACE_PC2_Flag0_IRQHandler
   Definitions
      At line 497 in file MicroSemi_Code\CMSIS\startup_keil\startus_a2fxxxm3.s
   Uses
      At line 138 in file MicroSemi_Code\CMSIS\startup_keil\startus_a2fxxxm3.s
      At line 351 in file MicroSemi_Code\CMSIS\startup_keil\startus_a2fxxxm3.s

ACE_PC2_Flag1_IRQHandler 0000001A

Symbol: ACE_PC2_Flag1_IRQHandler
   Definitions
      At line 498 in file MicroSemi_Code\CMSIS\startup_keil\startus_a2fxxxm3.s



ARM Macro Assembler    Page 9 Alphabetic symbol ordering
Relocatable symbols

   Uses
      At line 139 in file MicroSemi_Code\CMSIS\startup_keil\startus_a2fxxxm3.s
      At line 352 in file MicroSemi_Code\CMSIS\startup_keil\startus_a2fxxxm3.s

ACE_PC2_Flag2_IRQHandler 0000001A

Symbol: ACE_PC2_Flag2_IRQHandler
   Definitions
      At line 499 in file MicroSemi_Code\CMSIS\startup_keil\startus_a2fxxxm3.s
   Uses
      At line 140 in file MicroSemi_Code\CMSIS\startup_keil\startus_a2fxxxm3.s
      At line 353 in file MicroSemi_Code\CMSIS\startup_keil\startus_a2fxxxm3.s

ACE_PC2_Flag3_IRQHandler 0000001A

Symbol: ACE_PC2_Flag3_IRQHandler
   Definitions
      At line 500 in file MicroSemi_Code\CMSIS\startup_keil\startus_a2fxxxm3.s
   Uses
      At line 141 in file MicroSemi_Code\CMSIS\startup_keil\startus_a2fxxxm3.s
      At line 354 in file MicroSemi_Code\CMSIS\startup_keil\startus_a2fxxxm3.s

ACE_PPE_Flag0_IRQHandler 0000001A

Symbol: ACE_PPE_Flag0_IRQHandler
   Definitions
      At line 543 in file MicroSemi_Code\CMSIS\startup_keil\startus_a2fxxxm3.s
   Uses
      At line 184 in file MicroSemi_Code\CMSIS\startup_keil\startus_a2fxxxm3.s
      At line 397 in file MicroSemi_Code\CMSIS\startup_keil\startus_a2fxxxm3.s

ACE_PPE_Flag10_IRQHandler 0000001A

Symbol: ACE_PPE_Flag10_IRQHandler
   Definitions
      At line 553 in file MicroSemi_Code\CMSIS\startup_keil\startus_a2fxxxm3.s
   Uses
      At line 194 in file MicroSemi_Code\CMSIS\startup_keil\startus_a2fxxxm3.s
      At line 407 in file MicroSemi_Code\CMSIS\startup_keil\startus_a2fxxxm3.s

ACE_PPE_Flag11_IRQHandler 0000001A

Symbol: ACE_PPE_Flag11_IRQHandler
   Definitions
      At line 554 in file MicroSemi_Code\CMSIS\startup_keil\startus_a2fxxxm3.s
   Uses
      At line 195 in file MicroSemi_Code\CMSIS\startup_keil\startus_a2fxxxm3.s
      At line 408 in file MicroSemi_Code\CMSIS\startup_keil\startus_a2fxxxm3.s

ACE_PPE_Flag12_IRQHandler 0000001A

Symbol: ACE_PPE_Flag12_IRQHandler
   Definitions
      At line 555 in file MicroSemi_Code\CMSIS\startup_keil\startus_a2fxxxm3.s
   Uses
      At line 196 in file MicroSemi_Code\CMSIS\startup_keil\startus_a2fxxxm3.s
      At line 409 in file MicroSemi_Code\CMSIS\startup_keil\startus_a2fxxxm3.s

ACE_PPE_Flag13_IRQHandler 0000001A



ARM Macro Assembler    Page 10 Alphabetic symbol ordering
Relocatable symbols


Symbol: ACE_PPE_Flag13_IRQHandler
   Definitions
      At line 556 in file MicroSemi_Code\CMSIS\startup_keil\startus_a2fxxxm3.s
   Uses
      At line 197 in file MicroSemi_Code\CMSIS\startup_keil\startus_a2fxxxm3.s
      At line 410 in file MicroSemi_Code\CMSIS\startup_keil\startus_a2fxxxm3.s

ACE_PPE_Flag14_IRQHandler 0000001A

Symbol: ACE_PPE_Flag14_IRQHandler
   Definitions
      At line 557 in file MicroSemi_Code\CMSIS\startup_keil\startus_a2fxxxm3.s
   Uses
      At line 198 in file MicroSemi_Code\CMSIS\startup_keil\startus_a2fxxxm3.s
      At line 411 in file MicroSemi_Code\CMSIS\startup_keil\startus_a2fxxxm3.s

ACE_PPE_Flag15_IRQHandler 0000001A

Symbol: ACE_PPE_Flag15_IRQHandler
   Definitions
      At line 558 in file MicroSemi_Code\CMSIS\startup_keil\startus_a2fxxxm3.s
   Uses
      At line 199 in file MicroSemi_Code\CMSIS\startup_keil\startus_a2fxxxm3.s
      At line 412 in file MicroSemi_Code\CMSIS\startup_keil\startus_a2fxxxm3.s

ACE_PPE_Flag16_IRQHandler 0000001A

Symbol: ACE_PPE_Flag16_IRQHandler
   Definitions
      At line 559 in file MicroSemi_Code\CMSIS\startup_keil\startus_a2fxxxm3.s
   Uses
      At line 200 in file MicroSemi_Code\CMSIS\startup_keil\startus_a2fxxxm3.s
      At line 413 in file MicroSemi_Code\CMSIS\startup_keil\startus_a2fxxxm3.s

ACE_PPE_Flag17_IRQHandler 0000001A

Symbol: ACE_PPE_Flag17_IRQHandler
   Definitions
      At line 560 in file MicroSemi_Code\CMSIS\startup_keil\startus_a2fxxxm3.s
   Uses
      At line 201 in file MicroSemi_Code\CMSIS\startup_keil\startus_a2fxxxm3.s
      At line 414 in file MicroSemi_Code\CMSIS\startup_keil\startus_a2fxxxm3.s

ACE_PPE_Flag18_IRQHandler 0000001A

Symbol: ACE_PPE_Flag18_IRQHandler
   Definitions
      At line 561 in file MicroSemi_Code\CMSIS\startup_keil\startus_a2fxxxm3.s
   Uses
      At line 202 in file MicroSemi_Code\CMSIS\startup_keil\startus_a2fxxxm3.s
      At line 415 in file MicroSemi_Code\CMSIS\startup_keil\startus_a2fxxxm3.s

ACE_PPE_Flag19_IRQHandler 0000001A

Symbol: ACE_PPE_Flag19_IRQHandler
   Definitions
      At line 562 in file MicroSemi_Code\CMSIS\startup_keil\startus_a2fxxxm3.s
   Uses



ARM Macro Assembler    Page 11 Alphabetic symbol ordering
Relocatable symbols

      At line 203 in file MicroSemi_Code\CMSIS\startup_keil\startus_a2fxxxm3.s
      At line 416 in file MicroSemi_Code\CMSIS\startup_keil\startus_a2fxxxm3.s

ACE_PPE_Flag1_IRQHandler 0000001A

Symbol: ACE_PPE_Flag1_IRQHandler
   Definitions
      At line 544 in file MicroSemi_Code\CMSIS\startup_keil\startus_a2fxxxm3.s
   Uses
      At line 185 in file MicroSemi_Code\CMSIS\startup_keil\startus_a2fxxxm3.s
      At line 398 in file MicroSemi_Code\CMSIS\startup_keil\startus_a2fxxxm3.s

ACE_PPE_Flag20_IRQHandler 0000001A

Symbol: ACE_PPE_Flag20_IRQHandler
   Definitions
      At line 563 in file MicroSemi_Code\CMSIS\startup_keil\startus_a2fxxxm3.s
   Uses
      At line 204 in file MicroSemi_Code\CMSIS\startup_keil\startus_a2fxxxm3.s
      At line 417 in file MicroSemi_Code\CMSIS\startup_keil\startus_a2fxxxm3.s

ACE_PPE_Flag21_IRQHandler 0000001A

Symbol: ACE_PPE_Flag21_IRQHandler
   Definitions
      At line 564 in file MicroSemi_Code\CMSIS\startup_keil\startus_a2fxxxm3.s
   Uses
      At line 205 in file MicroSemi_Code\CMSIS\startup_keil\startus_a2fxxxm3.s
      At line 418 in file MicroSemi_Code\CMSIS\startup_keil\startus_a2fxxxm3.s

ACE_PPE_Flag22_IRQHandler 0000001A

Symbol: ACE_PPE_Flag22_IRQHandler
   Definitions
      At line 565 in file MicroSemi_Code\CMSIS\startup_keil\startus_a2fxxxm3.s
   Uses
      At line 206 in file MicroSemi_Code\CMSIS\startup_keil\startus_a2fxxxm3.s
      At line 419 in file MicroSemi_Code\CMSIS\startup_keil\startus_a2fxxxm3.s

ACE_PPE_Flag23_IRQHandler 0000001A

Symbol: ACE_PPE_Flag23_IRQHandler
   Definitions
      At line 566 in file MicroSemi_Code\CMSIS\startup_keil\startus_a2fxxxm3.s
   Uses
      At line 207 in file MicroSemi_Code\CMSIS\startup_keil\startus_a2fxxxm3.s
      At line 420 in file MicroSemi_Code\CMSIS\startup_keil\startus_a2fxxxm3.s

ACE_PPE_Flag24_IRQHandler 0000001A

Symbol: ACE_PPE_Flag24_IRQHandler
   Definitions
      At line 567 in file MicroSemi_Code\CMSIS\startup_keil\startus_a2fxxxm3.s
   Uses
      At line 208 in file MicroSemi_Code\CMSIS\startup_keil\startus_a2fxxxm3.s
      At line 421 in file MicroSemi_Code\CMSIS\startup_keil\startus_a2fxxxm3.s

ACE_PPE_Flag25_IRQHandler 0000001A




ARM Macro Assembler    Page 12 Alphabetic symbol ordering
Relocatable symbols

Symbol: ACE_PPE_Flag25_IRQHandler
   Definitions
      At line 568 in file MicroSemi_Code\CMSIS\startup_keil\startus_a2fxxxm3.s
   Uses
      At line 209 in file MicroSemi_Code\CMSIS\startup_keil\startus_a2fxxxm3.s
      At line 422 in file MicroSemi_Code\CMSIS\startup_keil\startus_a2fxxxm3.s

ACE_PPE_Flag26_IRQHandler 0000001A

Symbol: ACE_PPE_Flag26_IRQHandler
   Definitions
      At line 569 in file MicroSemi_Code\CMSIS\startup_keil\startus_a2fxxxm3.s
   Uses
      At line 210 in file MicroSemi_Code\CMSIS\startup_keil\startus_a2fxxxm3.s
      At line 423 in file MicroSemi_Code\CMSIS\startup_keil\startus_a2fxxxm3.s

ACE_PPE_Flag27_IRQHandler 0000001A

Symbol: ACE_PPE_Flag27_IRQHandler
   Definitions
      At line 570 in file MicroSemi_Code\CMSIS\startup_keil\startus_a2fxxxm3.s
   Uses
      At line 211 in file MicroSemi_Code\CMSIS\startup_keil\startus_a2fxxxm3.s
      At line 424 in file MicroSemi_Code\CMSIS\startup_keil\startus_a2fxxxm3.s

ACE_PPE_Flag28_IRQHandler 0000001A

Symbol: ACE_PPE_Flag28_IRQHandler
   Definitions
      At line 571 in file MicroSemi_Code\CMSIS\startup_keil\startus_a2fxxxm3.s
   Uses
      At line 212 in file MicroSemi_Code\CMSIS\startup_keil\startus_a2fxxxm3.s
      At line 425 in file MicroSemi_Code\CMSIS\startup_keil\startus_a2fxxxm3.s

ACE_PPE_Flag29_IRQHandler 0000001A

Symbol: ACE_PPE_Flag29_IRQHandler
   Definitions
      At line 572 in file MicroSemi_Code\CMSIS\startup_keil\startus_a2fxxxm3.s
   Uses
      At line 213 in file MicroSemi_Code\CMSIS\startup_keil\startus_a2fxxxm3.s
      At line 426 in file MicroSemi_Code\CMSIS\startup_keil\startus_a2fxxxm3.s

ACE_PPE_Flag2_IRQHandler 0000001A

Symbol: ACE_PPE_Flag2_IRQHandler
   Definitions
      At line 545 in file MicroSemi_Code\CMSIS\startup_keil\startus_a2fxxxm3.s
   Uses
      At line 186 in file MicroSemi_Code\CMSIS\startup_keil\startus_a2fxxxm3.s
      At line 399 in file MicroSemi_Code\CMSIS\startup_keil\startus_a2fxxxm3.s

ACE_PPE_Flag30_IRQHandler 0000001A

Symbol: ACE_PPE_Flag30_IRQHandler
   Definitions
      At line 573 in file MicroSemi_Code\CMSIS\startup_keil\startus_a2fxxxm3.s
   Uses
      At line 214 in file MicroSemi_Code\CMSIS\startup_keil\startus_a2fxxxm3.s



ARM Macro Assembler    Page 13 Alphabetic symbol ordering
Relocatable symbols

      At line 427 in file MicroSemi_Code\CMSIS\startup_keil\startus_a2fxxxm3.s

ACE_PPE_Flag31_IRQHandler 0000001A

Symbol: ACE_PPE_Flag31_IRQHandler
   Definitions
      At line 574 in file MicroSemi_Code\CMSIS\startup_keil\startus_a2fxxxm3.s
   Uses
      At line 215 in file MicroSemi_Code\CMSIS\startup_keil\startus_a2fxxxm3.s
      At line 428 in file MicroSemi_Code\CMSIS\startup_keil\startus_a2fxxxm3.s

ACE_PPE_Flag3_IRQHandler 0000001A

Symbol: ACE_PPE_Flag3_IRQHandler
   Definitions
      At line 546 in file MicroSemi_Code\CMSIS\startup_keil\startus_a2fxxxm3.s
   Uses
      At line 187 in file MicroSemi_Code\CMSIS\startup_keil\startus_a2fxxxm3.s
      At line 400 in file MicroSemi_Code\CMSIS\startup_keil\startus_a2fxxxm3.s

ACE_PPE_Flag4_IRQHandler 0000001A

Symbol: ACE_PPE_Flag4_IRQHandler
   Definitions
      At line 547 in file MicroSemi_Code\CMSIS\startup_keil\startus_a2fxxxm3.s
   Uses
      At line 188 in file MicroSemi_Code\CMSIS\startup_keil\startus_a2fxxxm3.s
      At line 401 in file MicroSemi_Code\CMSIS\startup_keil\startus_a2fxxxm3.s

ACE_PPE_Flag5_IRQHandler 0000001A

Symbol: ACE_PPE_Flag5_IRQHandler
   Definitions
      At line 548 in file MicroSemi_Code\CMSIS\startup_keil\startus_a2fxxxm3.s
   Uses
      At line 189 in file MicroSemi_Code\CMSIS\startup_keil\startus_a2fxxxm3.s
      At line 402 in file MicroSemi_Code\CMSIS\startup_keil\startus_a2fxxxm3.s

ACE_PPE_Flag6_IRQHandler 0000001A

Symbol: ACE_PPE_Flag6_IRQHandler
   Definitions
      At line 549 in file MicroSemi_Code\CMSIS\startup_keil\startus_a2fxxxm3.s
   Uses
      At line 190 in file MicroSemi_Code\CMSIS\startup_keil\startus_a2fxxxm3.s
      At line 403 in file MicroSemi_Code\CMSIS\startup_keil\startus_a2fxxxm3.s

ACE_PPE_Flag7_IRQHandler 0000001A

Symbol: ACE_PPE_Flag7_IRQHandler
   Definitions
      At line 550 in file MicroSemi_Code\CMSIS\startup_keil\startus_a2fxxxm3.s
   Uses
      At line 191 in file MicroSemi_Code\CMSIS\startup_keil\startus_a2fxxxm3.s
      At line 404 in file MicroSemi_Code\CMSIS\startup_keil\startus_a2fxxxm3.s

ACE_PPE_Flag8_IRQHandler 0000001A

Symbol: ACE_PPE_Flag8_IRQHandler



ARM Macro Assembler    Page 14 Alphabetic symbol ordering
Relocatable symbols

   Definitions
      At line 551 in file MicroSemi_Code\CMSIS\startup_keil\startus_a2fxxxm3.s
   Uses
      At line 192 in file MicroSemi_Code\CMSIS\startup_keil\startus_a2fxxxm3.s
      At line 405 in file MicroSemi_Code\CMSIS\startup_keil\startus_a2fxxxm3.s

ACE_PPE_Flag9_IRQHandler 0000001A

Symbol: ACE_PPE_Flag9_IRQHandler
   Definitions
      At line 552 in file MicroSemi_Code\CMSIS\startup_keil\startus_a2fxxxm3.s
   Uses
      At line 193 in file MicroSemi_Code\CMSIS\startup_keil\startus_a2fxxxm3.s
      At line 406 in file MicroSemi_Code\CMSIS\startup_keil\startus_a2fxxxm3.s

BrownOut_1_5V_IRQHandler 0000001A

Symbol: BrownOut_1_5V_IRQHandler
   Definitions
      At line 432 in file MicroSemi_Code\CMSIS\startup_keil\startus_a2fxxxm3.s
   Uses
      At line 67 in file MicroSemi_Code\CMSIS\startup_keil\startus_a2fxxxm3.s
      At line 286 in file MicroSemi_Code\CMSIS\startup_keil\startus_a2fxxxm3.s

BrownOut_3_3V_IRQHandler 0000001A

Symbol: BrownOut_3_3V_IRQHandler
   Definitions
      At line 433 in file MicroSemi_Code\CMSIS\startup_keil\startus_a2fxxxm3.s
   Uses
      At line 68 in file MicroSemi_Code\CMSIS\startup_keil\startus_a2fxxxm3.s
      At line 287 in file MicroSemi_Code\CMSIS\startup_keil\startus_a2fxxxm3.s

BusFault_Handler 0000000E

Symbol: BusFault_Handler
   Definitions
      At line 256 in file MicroSemi_Code\CMSIS\startup_keil\startus_a2fxxxm3.s
   Uses
      At line 53 in file MicroSemi_Code\CMSIS\startup_keil\startus_a2fxxxm3.s
      At line 257 in file MicroSemi_Code\CMSIS\startup_keil\startus_a2fxxxm3.s

CommError_IRQHandler 0000001A

Symbol: CommError_IRQHandler
   Definitions
      At line 455 in file MicroSemi_Code\CMSIS\startup_keil\startus_a2fxxxm3.s
   Uses
      At line 90 in file MicroSemi_Code\CMSIS\startup_keil\startus_a2fxxxm3.s
      At line 309 in file MicroSemi_Code\CMSIS\startup_keil\startus_a2fxxxm3.s

DMA_IRQHandler 0000001A

Symbol: DMA_IRQHandler
   Definitions
      At line 440 in file MicroSemi_Code\CMSIS\startup_keil\startus_a2fxxxm3.s
   Uses
      At line 75 in file MicroSemi_Code\CMSIS\startup_keil\startus_a2fxxxm3.s
      At line 294 in file MicroSemi_Code\CMSIS\startup_keil\startus_a2fxxxm3.s



ARM Macro Assembler    Page 15 Alphabetic symbol ordering
Relocatable symbols


DebugMon_Handler 00000014

Symbol: DebugMon_Handler
   Definitions
      At line 270 in file MicroSemi_Code\CMSIS\startup_keil\startus_a2fxxxm3.s
   Uses
      At line 60 in file MicroSemi_Code\CMSIS\startup_keil\startus_a2fxxxm3.s
      At line 271 in file MicroSemi_Code\CMSIS\startup_keil\startus_a2fxxxm3.s

Default_Handler 0000001A

Symbol: Default_Handler
   Definitions
      At line 283 in file MicroSemi_Code\CMSIS\startup_keil\startus_a2fxxxm3.s
   Uses
      None
Comment: Default_Handler unused
ENVM0_IRQHandler 0000001A

Symbol: ENVM0_IRQHandler
   Definitions
      At line 438 in file MicroSemi_Code\CMSIS\startup_keil\startus_a2fxxxm3.s
   Uses
      At line 73 in file MicroSemi_Code\CMSIS\startup_keil\startus_a2fxxxm3.s
      At line 292 in file MicroSemi_Code\CMSIS\startup_keil\startus_a2fxxxm3.s

ENVM1_IRQHandler 0000001A

Symbol: ENVM1_IRQHandler
   Definitions
      At line 439 in file MicroSemi_Code\CMSIS\startup_keil\startus_a2fxxxm3.s
   Uses
      At line 74 in file MicroSemi_Code\CMSIS\startup_keil\startus_a2fxxxm3.s
      At line 293 in file MicroSemi_Code\CMSIS\startup_keil\startus_a2fxxxm3.s

EthernetMAC_IRQHandler 0000001A

Symbol: EthernetMAC_IRQHandler
   Definitions
      At line 436 in file MicroSemi_Code\CMSIS\startup_keil\startus_a2fxxxm3.s
   Uses
      At line 71 in file MicroSemi_Code\CMSIS\startup_keil\startus_a2fxxxm3.s
      At line 290 in file MicroSemi_Code\CMSIS\startup_keil\startus_a2fxxxm3.s

Fabric_IRQHandler 0000001A

Symbol: Fabric_IRQHandler
   Definitions
      At line 456 in file MicroSemi_Code\CMSIS\startup_keil\startus_a2fxxxm3.s
   Uses
      At line 97 in file MicroSemi_Code\CMSIS\startup_keil\startus_a2fxxxm3.s
      At line 310 in file MicroSemi_Code\CMSIS\startup_keil\startus_a2fxxxm3.s

GPIO0_IRQHandler 0000001A

Symbol: GPIO0_IRQHandler
   Definitions
      At line 457 in file MicroSemi_Code\CMSIS\startup_keil\startus_a2fxxxm3.s



ARM Macro Assembler    Page 16 Alphabetic symbol ordering
Relocatable symbols

   Uses
      At line 98 in file MicroSemi_Code\CMSIS\startup_keil\startus_a2fxxxm3.s
      At line 311 in file MicroSemi_Code\CMSIS\startup_keil\startus_a2fxxxm3.s

GPIO10_IRQHandler 0000001A

Symbol: GPIO10_IRQHandler
   Definitions
      At line 467 in file MicroSemi_Code\CMSIS\startup_keil\startus_a2fxxxm3.s
   Uses
      At line 108 in file MicroSemi_Code\CMSIS\startup_keil\startus_a2fxxxm3.s
      At line 321 in file MicroSemi_Code\CMSIS\startup_keil\startus_a2fxxxm3.s

GPIO11_IRQHandler 0000001A

Symbol: GPIO11_IRQHandler
   Definitions
      At line 468 in file MicroSemi_Code\CMSIS\startup_keil\startus_a2fxxxm3.s
   Uses
      At line 109 in file MicroSemi_Code\CMSIS\startup_keil\startus_a2fxxxm3.s
      At line 322 in file MicroSemi_Code\CMSIS\startup_keil\startus_a2fxxxm3.s

GPIO12_IRQHandler 0000001A

Symbol: GPIO12_IRQHandler
   Definitions
      At line 469 in file MicroSemi_Code\CMSIS\startup_keil\startus_a2fxxxm3.s
   Uses
      At line 110 in file MicroSemi_Code\CMSIS\startup_keil\startus_a2fxxxm3.s
      At line 323 in file MicroSemi_Code\CMSIS\startup_keil\startus_a2fxxxm3.s

GPIO13_IRQHandler 0000001A

Symbol: GPIO13_IRQHandler
   Definitions
      At line 470 in file MicroSemi_Code\CMSIS\startup_keil\startus_a2fxxxm3.s
   Uses
      At line 111 in file MicroSemi_Code\CMSIS\startup_keil\startus_a2fxxxm3.s
      At line 324 in file MicroSemi_Code\CMSIS\startup_keil\startus_a2fxxxm3.s

GPIO14_IRQHandler 0000001A

Symbol: GPIO14_IRQHandler
   Definitions
      At line 471 in file MicroSemi_Code\CMSIS\startup_keil\startus_a2fxxxm3.s
   Uses
      At line 112 in file MicroSemi_Code\CMSIS\startup_keil\startus_a2fxxxm3.s
      At line 325 in file MicroSemi_Code\CMSIS\startup_keil\startus_a2fxxxm3.s

GPIO15_IRQHandler 0000001A

Symbol: GPIO15_IRQHandler
   Definitions
      At line 472 in file MicroSemi_Code\CMSIS\startup_keil\startus_a2fxxxm3.s
   Uses
      At line 113 in file MicroSemi_Code\CMSIS\startup_keil\startus_a2fxxxm3.s
      At line 326 in file MicroSemi_Code\CMSIS\startup_keil\startus_a2fxxxm3.s

GPIO16_IRQHandler 0000001A



ARM Macro Assembler    Page 17 Alphabetic symbol ordering
Relocatable symbols


Symbol: GPIO16_IRQHandler
   Definitions
      At line 473 in file MicroSemi_Code\CMSIS\startup_keil\startus_a2fxxxm3.s
   Uses
      At line 114 in file MicroSemi_Code\CMSIS\startup_keil\startus_a2fxxxm3.s
      At line 327 in file MicroSemi_Code\CMSIS\startup_keil\startus_a2fxxxm3.s

GPIO17_IRQHandler 0000001A

Symbol: GPIO17_IRQHandler
   Definitions
      At line 474 in file MicroSemi_Code\CMSIS\startup_keil\startus_a2fxxxm3.s
   Uses
      At line 115 in file MicroSemi_Code\CMSIS\startup_keil\startus_a2fxxxm3.s
      At line 328 in file MicroSemi_Code\CMSIS\startup_keil\startus_a2fxxxm3.s

GPIO18_IRQHandler 0000001A

Symbol: GPIO18_IRQHandler
   Definitions
      At line 475 in file MicroSemi_Code\CMSIS\startup_keil\startus_a2fxxxm3.s
   Uses
      At line 116 in file MicroSemi_Code\CMSIS\startup_keil\startus_a2fxxxm3.s
      At line 329 in file MicroSemi_Code\CMSIS\startup_keil\startus_a2fxxxm3.s

GPIO19_IRQHandler 0000001A

Symbol: GPIO19_IRQHandler
   Definitions
      At line 476 in file MicroSemi_Code\CMSIS\startup_keil\startus_a2fxxxm3.s
   Uses
      At line 117 in file MicroSemi_Code\CMSIS\startup_keil\startus_a2fxxxm3.s
      At line 330 in file MicroSemi_Code\CMSIS\startup_keil\startus_a2fxxxm3.s

GPIO1_IRQHandler 0000001A

Symbol: GPIO1_IRQHandler
   Definitions
      At line 458 in file MicroSemi_Code\CMSIS\startup_keil\startus_a2fxxxm3.s
   Uses
      At line 99 in file MicroSemi_Code\CMSIS\startup_keil\startus_a2fxxxm3.s
      At line 312 in file MicroSemi_Code\CMSIS\startup_keil\startus_a2fxxxm3.s

GPIO20_IRQHandler 0000001A

Symbol: GPIO20_IRQHandler
   Definitions
      At line 477 in file MicroSemi_Code\CMSIS\startup_keil\startus_a2fxxxm3.s
   Uses
      At line 118 in file MicroSemi_Code\CMSIS\startup_keil\startus_a2fxxxm3.s
      At line 331 in file MicroSemi_Code\CMSIS\startup_keil\startus_a2fxxxm3.s

GPIO21_IRQHandler 0000001A

Symbol: GPIO21_IRQHandler
   Definitions
      At line 478 in file MicroSemi_Code\CMSIS\startup_keil\startus_a2fxxxm3.s
   Uses



ARM Macro Assembler    Page 18 Alphabetic symbol ordering
Relocatable symbols

      At line 119 in file MicroSemi_Code\CMSIS\startup_keil\startus_a2fxxxm3.s
      At line 332 in file MicroSemi_Code\CMSIS\startup_keil\startus_a2fxxxm3.s

GPIO22_IRQHandler 0000001A

Symbol: GPIO22_IRQHandler
   Definitions
      At line 479 in file MicroSemi_Code\CMSIS\startup_keil\startus_a2fxxxm3.s
   Uses
      At line 120 in file MicroSemi_Code\CMSIS\startup_keil\startus_a2fxxxm3.s
      At line 333 in file MicroSemi_Code\CMSIS\startup_keil\startus_a2fxxxm3.s

GPIO23_IRQHandler 0000001A

Symbol: GPIO23_IRQHandler
   Definitions
      At line 480 in file MicroSemi_Code\CMSIS\startup_keil\startus_a2fxxxm3.s
   Uses
      At line 121 in file MicroSemi_Code\CMSIS\startup_keil\startus_a2fxxxm3.s
      At line 334 in file MicroSemi_Code\CMSIS\startup_keil\startus_a2fxxxm3.s

GPIO24_IRQHandler 0000001A

Symbol: GPIO24_IRQHandler
   Definitions
      At line 481 in file MicroSemi_Code\CMSIS\startup_keil\startus_a2fxxxm3.s
   Uses
      At line 122 in file MicroSemi_Code\CMSIS\startup_keil\startus_a2fxxxm3.s
      At line 335 in file MicroSemi_Code\CMSIS\startup_keil\startus_a2fxxxm3.s

GPIO25_IRQHandler 0000001A

Symbol: GPIO25_IRQHandler
   Definitions
      At line 482 in file MicroSemi_Code\CMSIS\startup_keil\startus_a2fxxxm3.s
   Uses
      At line 123 in file MicroSemi_Code\CMSIS\startup_keil\startus_a2fxxxm3.s
      At line 336 in file MicroSemi_Code\CMSIS\startup_keil\startus_a2fxxxm3.s

GPIO26_IRQHandler 0000001A

Symbol: GPIO26_IRQHandler
   Definitions
      At line 483 in file MicroSemi_Code\CMSIS\startup_keil\startus_a2fxxxm3.s
   Uses
      At line 124 in file MicroSemi_Code\CMSIS\startup_keil\startus_a2fxxxm3.s
      At line 337 in file MicroSemi_Code\CMSIS\startup_keil\startus_a2fxxxm3.s

GPIO27_IRQHandler 0000001A

Symbol: GPIO27_IRQHandler
   Definitions
      At line 484 in file MicroSemi_Code\CMSIS\startup_keil\startus_a2fxxxm3.s
   Uses
      At line 125 in file MicroSemi_Code\CMSIS\startup_keil\startus_a2fxxxm3.s
      At line 338 in file MicroSemi_Code\CMSIS\startup_keil\startus_a2fxxxm3.s

GPIO28_IRQHandler 0000001A




ARM Macro Assembler    Page 19 Alphabetic symbol ordering
Relocatable symbols

Symbol: GPIO28_IRQHandler
   Definitions
      At line 485 in file MicroSemi_Code\CMSIS\startup_keil\startus_a2fxxxm3.s
   Uses
      At line 126 in file MicroSemi_Code\CMSIS\startup_keil\startus_a2fxxxm3.s
      At line 339 in file MicroSemi_Code\CMSIS\startup_keil\startus_a2fxxxm3.s

GPIO29_IRQHandler 0000001A

Symbol: GPIO29_IRQHandler
   Definitions
      At line 486 in file MicroSemi_Code\CMSIS\startup_keil\startus_a2fxxxm3.s
   Uses
      At line 127 in file MicroSemi_Code\CMSIS\startup_keil\startus_a2fxxxm3.s
      At line 340 in file MicroSemi_Code\CMSIS\startup_keil\startus_a2fxxxm3.s

GPIO2_IRQHandler 0000001A

Symbol: GPIO2_IRQHandler
   Definitions
      At line 459 in file MicroSemi_Code\CMSIS\startup_keil\startus_a2fxxxm3.s
   Uses
      At line 100 in file MicroSemi_Code\CMSIS\startup_keil\startus_a2fxxxm3.s
      At line 313 in file MicroSemi_Code\CMSIS\startup_keil\startus_a2fxxxm3.s

GPIO30_IRQHandler 0000001A

Symbol: GPIO30_IRQHandler
   Definitions
      At line 487 in file MicroSemi_Code\CMSIS\startup_keil\startus_a2fxxxm3.s
   Uses
      At line 128 in file MicroSemi_Code\CMSIS\startup_keil\startus_a2fxxxm3.s
      At line 341 in file MicroSemi_Code\CMSIS\startup_keil\startus_a2fxxxm3.s

GPIO31_IRQHandler 0000001A

Symbol: GPIO31_IRQHandler
   Definitions
      At line 488 in file MicroSemi_Code\CMSIS\startup_keil\startus_a2fxxxm3.s
   Uses
      At line 129 in file MicroSemi_Code\CMSIS\startup_keil\startus_a2fxxxm3.s
      At line 342 in file MicroSemi_Code\CMSIS\startup_keil\startus_a2fxxxm3.s

GPIO3_IRQHandler 0000001A

Symbol: GPIO3_IRQHandler
   Definitions
      At line 460 in file MicroSemi_Code\CMSIS\startup_keil\startus_a2fxxxm3.s
   Uses
      At line 101 in file MicroSemi_Code\CMSIS\startup_keil\startus_a2fxxxm3.s
      At line 314 in file MicroSemi_Code\CMSIS\startup_keil\startus_a2fxxxm3.s

GPIO4_IRQHandler 0000001A

Symbol: GPIO4_IRQHandler
   Definitions
      At line 461 in file MicroSemi_Code\CMSIS\startup_keil\startus_a2fxxxm3.s
   Uses
      At line 102 in file MicroSemi_Code\CMSIS\startup_keil\startus_a2fxxxm3.s



ARM Macro Assembler    Page 20 Alphabetic symbol ordering
Relocatable symbols

      At line 315 in file MicroSemi_Code\CMSIS\startup_keil\startus_a2fxxxm3.s

GPIO5_IRQHandler 0000001A

Symbol: GPIO5_IRQHandler
   Definitions
      At line 462 in file MicroSemi_Code\CMSIS\startup_keil\startus_a2fxxxm3.s
   Uses
      At line 103 in file MicroSemi_Code\CMSIS\startup_keil\startus_a2fxxxm3.s
      At line 316 in file MicroSemi_Code\CMSIS\startup_keil\startus_a2fxxxm3.s

GPIO6_IRQHandler 0000001A

Symbol: GPIO6_IRQHandler
   Definitions
      At line 463 in file MicroSemi_Code\CMSIS\startup_keil\startus_a2fxxxm3.s
   Uses
      At line 104 in file MicroSemi_Code\CMSIS\startup_keil\startus_a2fxxxm3.s
      At line 317 in file MicroSemi_Code\CMSIS\startup_keil\startus_a2fxxxm3.s

GPIO7_IRQHandler 0000001A

Symbol: GPIO7_IRQHandler
   Definitions
      At line 464 in file MicroSemi_Code\CMSIS\startup_keil\startus_a2fxxxm3.s
   Uses
      At line 105 in file MicroSemi_Code\CMSIS\startup_keil\startus_a2fxxxm3.s
      At line 318 in file MicroSemi_Code\CMSIS\startup_keil\startus_a2fxxxm3.s

GPIO8_IRQHandler 0000001A

Symbol: GPIO8_IRQHandler
   Definitions
      At line 465 in file MicroSemi_Code\CMSIS\startup_keil\startus_a2fxxxm3.s
   Uses
      At line 106 in file MicroSemi_Code\CMSIS\startup_keil\startus_a2fxxxm3.s
      At line 319 in file MicroSemi_Code\CMSIS\startup_keil\startus_a2fxxxm3.s

GPIO9_IRQHandler 0000001A

Symbol: GPIO9_IRQHandler
   Definitions
      At line 466 in file MicroSemi_Code\CMSIS\startup_keil\startus_a2fxxxm3.s
   Uses
      At line 107 in file MicroSemi_Code\CMSIS\startup_keil\startus_a2fxxxm3.s
      At line 320 in file MicroSemi_Code\CMSIS\startup_keil\startus_a2fxxxm3.s

HardFault_Handler 0000000A

Symbol: HardFault_Handler
   Definitions
      At line 246 in file MicroSemi_Code\CMSIS\startup_keil\startus_a2fxxxm3.s
   Uses
      At line 51 in file MicroSemi_Code\CMSIS\startup_keil\startus_a2fxxxm3.s
      At line 247 in file MicroSemi_Code\CMSIS\startup_keil\startus_a2fxxxm3.s

I2C0_IRQHandler 0000001A

Symbol: I2C0_IRQHandler



ARM Macro Assembler    Page 21 Alphabetic symbol ordering
Relocatable symbols

   Definitions
      At line 445 in file MicroSemi_Code\CMSIS\startup_keil\startus_a2fxxxm3.s
   Uses
      At line 80 in file MicroSemi_Code\CMSIS\startup_keil\startus_a2fxxxm3.s
      At line 299 in file MicroSemi_Code\CMSIS\startup_keil\startus_a2fxxxm3.s

I2C0_SMBAlert_IRQHandler 0000001A

Symbol: I2C0_SMBAlert_IRQHandler
   Definitions
      At line 446 in file MicroSemi_Code\CMSIS\startup_keil\startus_a2fxxxm3.s
   Uses
      At line 81 in file MicroSemi_Code\CMSIS\startup_keil\startus_a2fxxxm3.s
      At line 300 in file MicroSemi_Code\CMSIS\startup_keil\startus_a2fxxxm3.s

I2C0_SMBus_IRQHandler 0000001A

Symbol: I2C0_SMBus_IRQHandler
   Definitions
      At line 447 in file MicroSemi_Code\CMSIS\startup_keil\startus_a2fxxxm3.s
   Uses
      At line 82 in file MicroSemi_Code\CMSIS\startup_keil\startus_a2fxxxm3.s
      At line 301 in file MicroSemi_Code\CMSIS\startup_keil\startus_a2fxxxm3.s

I2C1_IRQHandler 0000001A

Symbol: I2C1_IRQHandler
   Definitions
      At line 448 in file MicroSemi_Code\CMSIS\startup_keil\startus_a2fxxxm3.s
   Uses
      At line 83 in file MicroSemi_Code\CMSIS\startup_keil\startus_a2fxxxm3.s
      At line 302 in file MicroSemi_Code\CMSIS\startup_keil\startus_a2fxxxm3.s

I2C1_SMBAlert_IRQHandler 0000001A

Symbol: I2C1_SMBAlert_IRQHandler
   Definitions
      At line 449 in file MicroSemi_Code\CMSIS\startup_keil\startus_a2fxxxm3.s
   Uses
      At line 84 in file MicroSemi_Code\CMSIS\startup_keil\startus_a2fxxxm3.s
      At line 303 in file MicroSemi_Code\CMSIS\startup_keil\startus_a2fxxxm3.s

I2C1_SMBus_IRQHandler 0000001A

Symbol: I2C1_SMBus_IRQHandler
   Definitions
      At line 450 in file MicroSemi_Code\CMSIS\startup_keil\startus_a2fxxxm3.s
   Uses
      At line 85 in file MicroSemi_Code\CMSIS\startup_keil\startus_a2fxxxm3.s
      At line 304 in file MicroSemi_Code\CMSIS\startup_keil\startus_a2fxxxm3.s

IAP_IRQHandler 0000001A

Symbol: IAP_IRQHandler
   Definitions
      At line 437 in file MicroSemi_Code\CMSIS\startup_keil\startus_a2fxxxm3.s
   Uses
      At line 72 in file MicroSemi_Code\CMSIS\startup_keil\startus_a2fxxxm3.s
      At line 291 in file MicroSemi_Code\CMSIS\startup_keil\startus_a2fxxxm3.s



ARM Macro Assembler    Page 22 Alphabetic symbol ordering
Relocatable symbols


MemManage_Handler 0000000C

Symbol: MemManage_Handler
   Definitions
      At line 251 in file MicroSemi_Code\CMSIS\startup_keil\startus_a2fxxxm3.s
   Uses
      At line 52 in file MicroSemi_Code\CMSIS\startup_keil\startus_a2fxxxm3.s
      At line 252 in file MicroSemi_Code\CMSIS\startup_keil\startus_a2fxxxm3.s

NMI_Handler 00000008

Symbol: NMI_Handler
   Definitions
      At line 241 in file MicroSemi_Code\CMSIS\startup_keil\startus_a2fxxxm3.s
   Uses
      At line 50 in file MicroSemi_Code\CMSIS\startup_keil\startus_a2fxxxm3.s
      At line 242 in file MicroSemi_Code\CMSIS\startup_keil\startus_a2fxxxm3.s

PLL_LockLost_IRQHandler 0000001A

Symbol: PLL_LockLost_IRQHandler
   Definitions
      At line 454 in file MicroSemi_Code\CMSIS\startup_keil\startus_a2fxxxm3.s
   Uses
      At line 89 in file MicroSemi_Code\CMSIS\startup_keil\startus_a2fxxxm3.s
      At line 308 in file MicroSemi_Code\CMSIS\startup_keil\startus_a2fxxxm3.s

PLL_Lock_IRQHandler 0000001A

Symbol: PLL_Lock_IRQHandler
   Definitions
      At line 453 in file MicroSemi_Code\CMSIS\startup_keil\startus_a2fxxxm3.s
   Uses
      At line 88 in file MicroSemi_Code\CMSIS\startup_keil\startus_a2fxxxm3.s
      At line 307 in file MicroSemi_Code\CMSIS\startup_keil\startus_a2fxxxm3.s

PendSV_Handler 00000016

Symbol: PendSV_Handler
   Definitions
      At line 274 in file MicroSemi_Code\CMSIS\startup_keil\startus_a2fxxxm3.s
   Uses
      At line 62 in file MicroSemi_Code\CMSIS\startup_keil\startus_a2fxxxm3.s
      At line 275 in file MicroSemi_Code\CMSIS\startup_keil\startus_a2fxxxm3.s

RTCIF_Pub_IRQHandler 0000001A

Symbol: RTCIF_Pub_IRQHandler
   Definitions
      At line 435 in file MicroSemi_Code\CMSIS\startup_keil\startus_a2fxxxm3.s
   Uses
      At line 70 in file MicroSemi_Code\CMSIS\startup_keil\startus_a2fxxxm3.s
      At line 289 in file MicroSemi_Code\CMSIS\startup_keil\startus_a2fxxxm3.s

RTC_Match_IRQHandler 0000001A

Symbol: RTC_Match_IRQHandler
   Definitions



ARM Macro Assembler    Page 23 Alphabetic symbol ordering
Relocatable symbols

      At line 434 in file MicroSemi_Code\CMSIS\startup_keil\startus_a2fxxxm3.s
   Uses
      At line 69 in file MicroSemi_Code\CMSIS\startup_keil\startus_a2fxxxm3.s
      At line 288 in file MicroSemi_Code\CMSIS\startup_keil\startus_a2fxxxm3.s

Reset_Handler 00000000

Symbol: Reset_Handler
   Definitions
      At line 228 in file MicroSemi_Code\CMSIS\startup_keil\startus_a2fxxxm3.s
   Uses
      At line 49 in file MicroSemi_Code\CMSIS\startup_keil\startus_a2fxxxm3.s
      At line 229 in file MicroSemi_Code\CMSIS\startup_keil\startus_a2fxxxm3.s

SPI0_IRQHandler 0000001A

Symbol: SPI0_IRQHandler
   Definitions
      At line 443 in file MicroSemi_Code\CMSIS\startup_keil\startus_a2fxxxm3.s
   Uses
      At line 78 in file MicroSemi_Code\CMSIS\startup_keil\startus_a2fxxxm3.s
      At line 297 in file MicroSemi_Code\CMSIS\startup_keil\startus_a2fxxxm3.s

SPI1_IRQHandler 0000001A

Symbol: SPI1_IRQHandler
   Definitions
      At line 444 in file MicroSemi_Code\CMSIS\startup_keil\startus_a2fxxxm3.s
   Uses
      At line 79 in file MicroSemi_Code\CMSIS\startup_keil\startus_a2fxxxm3.s
      At line 298 in file MicroSemi_Code\CMSIS\startup_keil\startus_a2fxxxm3.s

SVC_Handler 00000012

Symbol: SVC_Handler
   Definitions
      At line 265 in file MicroSemi_Code\CMSIS\startup_keil\startus_a2fxxxm3.s
   Uses
      At line 59 in file MicroSemi_Code\CMSIS\startup_keil\startus_a2fxxxm3.s
      At line 266 in file MicroSemi_Code\CMSIS\startup_keil\startus_a2fxxxm3.s

SysTick_Handler 00000018

Symbol: SysTick_Handler
   Definitions
      At line 278 in file MicroSemi_Code\CMSIS\startup_keil\startus_a2fxxxm3.s
   Uses
      At line 63 in file MicroSemi_Code\CMSIS\startup_keil\startus_a2fxxxm3.s
      At line 279 in file MicroSemi_Code\CMSIS\startup_keil\startus_a2fxxxm3.s

Timer1_IRQHandler 0000001A

Symbol: Timer1_IRQHandler
   Definitions
      At line 451 in file MicroSemi_Code\CMSIS\startup_keil\startus_a2fxxxm3.s
   Uses
      At line 86 in file MicroSemi_Code\CMSIS\startup_keil\startus_a2fxxxm3.s
      At line 305 in file MicroSemi_Code\CMSIS\startup_keil\startus_a2fxxxm3.s




ARM Macro Assembler    Page 24 Alphabetic symbol ordering
Relocatable symbols

Timer2_IRQHandler 0000001A

Symbol: Timer2_IRQHandler
   Definitions
      At line 452 in file MicroSemi_Code\CMSIS\startup_keil\startus_a2fxxxm3.s
   Uses
      At line 87 in file MicroSemi_Code\CMSIS\startup_keil\startus_a2fxxxm3.s
      At line 306 in file MicroSemi_Code\CMSIS\startup_keil\startus_a2fxxxm3.s

UART0_IRQHandler 0000001A

Symbol: UART0_IRQHandler
   Definitions
      At line 441 in file MicroSemi_Code\CMSIS\startup_keil\startus_a2fxxxm3.s
   Uses
      At line 76 in file MicroSemi_Code\CMSIS\startup_keil\startus_a2fxxxm3.s
      At line 295 in file MicroSemi_Code\CMSIS\startup_keil\startus_a2fxxxm3.s

UART1_IRQHandler 0000001A

Symbol: UART1_IRQHandler
   Definitions
      At line 442 in file MicroSemi_Code\CMSIS\startup_keil\startus_a2fxxxm3.s
   Uses
      At line 77 in file MicroSemi_Code\CMSIS\startup_keil\startus_a2fxxxm3.s
      At line 296 in file MicroSemi_Code\CMSIS\startup_keil\startus_a2fxxxm3.s

UsageFault_Handler 00000010

Symbol: UsageFault_Handler
   Definitions
      At line 261 in file MicroSemi_Code\CMSIS\startup_keil\startus_a2fxxxm3.s
   Uses
      At line 54 in file MicroSemi_Code\CMSIS\startup_keil\startus_a2fxxxm3.s
      At line 262 in file MicroSemi_Code\CMSIS\startup_keil\startus_a2fxxxm3.s

WdogWakeup_IRQHandler 0000001A

Symbol: WdogWakeup_IRQHandler
   Definitions
      At line 431 in file MicroSemi_Code\CMSIS\startup_keil\startus_a2fxxxm3.s
   Uses
      At line 66 in file MicroSemi_Code\CMSIS\startup_keil\startus_a2fxxxm3.s
      At line 285 in file MicroSemi_Code\CMSIS\startup_keil\startus_a2fxxxm3.s

__user_initial_stackheap 0000001C

Symbol: __user_initial_stackheap
   Definitions
      At line 597 in file MicroSemi_Code\CMSIS\startup_keil\startus_a2fxxxm3.s
   Uses
      At line 596 in file MicroSemi_Code\CMSIS\startup_keil\startus_a2fxxxm3.s
Comment: __user_initial_stackheap used once
157 symbols



ARM Macro Assembler    Page 1 Alphabetic symbol ordering
Absolute symbols

Heap_Size 00000000

Symbol: Heap_Size
   Definitions
      At line 28 in file MicroSemi_Code\CMSIS\startup_keil\startus_a2fxxxm3.s
   Uses
      At line 32 in file MicroSemi_Code\CMSIS\startup_keil\startus_a2fxxxm3.s
      At line 601 in file MicroSemi_Code\CMSIS\startup_keil\startus_a2fxxxm3.s

Stack_Size 00002000

Symbol: Stack_Size
   Definitions
      At line 17 in file MicroSemi_Code\CMSIS\startup_keil\startus_a2fxxxm3.s
   Uses
      At line 20 in file MicroSemi_Code\CMSIS\startup_keil\startus_a2fxxxm3.s
      At line 600 in file MicroSemi_Code\CMSIS\startup_keil\startus_a2fxxxm3.s

__Vectors_Size 00000298

Symbol: __Vectors_Size
   Definitions
      At line 219 in file MicroSemi_Code\CMSIS\startup_keil\startus_a2fxxxm3.s
   Uses
      At line 45 in file MicroSemi_Code\CMSIS\startup_keil\startus_a2fxxxm3.s
Comment: __Vectors_Size used once
3 symbols



ARM Macro Assembler    Page 1 Alphabetic symbol ordering
External symbols

SystemInit 00000000

Symbol: SystemInit
   Definitions
      At line 230 in file MicroSemi_Code\CMSIS\startup_keil\startus_a2fxxxm3.s
   Uses
      At line 232 in file MicroSemi_Code\CMSIS\startup_keil\startus_a2fxxxm3.s
Comment: SystemInit used once
__main 00000000

Symbol: __main
   Definitions
      At line 231 in file MicroSemi_Code\CMSIS\startup_keil\startus_a2fxxxm3.s
   Uses
      At line 234 in file MicroSemi_Code\CMSIS\startup_keil\startus_a2fxxxm3.s
Comment: __main used once
__use_two_region_memory 00000000

Symbol: __use_two_region_memory
   Definitions
      At line 595 in file MicroSemi_Code\CMSIS\startup_keil\startus_a2fxxxm3.s
   Uses
      None
Comment: __use_two_region_memory unused
3 symbols
511 symbols in table
